Running snakemake...
Building DAG of jobs...
Using shell: /bin/bash
Provided cores: 16
Rules claiming more threads will be scaled down.
Conda environments: ignored
Job stats:
job                         count
------------------------  -------
all                             1
export_tree                     1
translate_tree_sequences        1
total                           3

Select jobs to execute...

[Wed Feb 26 12:41:17 2025]
rule translate_tree_sequences:
    input: Results/spike/Trees/tree.nwk, Results/spike/Trees/tree_muts.json, Results/spike/spike_reference.gb
    output: Results/spike/Trees/tree_aa_muts.json, Results/spike/Augur_AA_Alignements/spike_full_length.fasta, Results/spike/Augur_AA_Alignements/S1.fasta
    log: Results/Logs/spike/translate_tree_sequences.txt
    jobid: 17
    reason: Missing output files: Results/spike/Trees/tree_aa_muts.json; Updated input files: Results/spike/Trees/tree.nwk, Results/spike/Trees/tree_muts.json, Results/spike/spike_reference.gb
    wildcards: gene=spike
    resources: tmpdir=/loc/scratch/11624745

Waiting at most 60 seconds for missing files.
MissingOutputException in rule translate_tree_sequences in file /fh/fast/bloom_j/computational_notebooks/sharari/2025/HcoV_229E_phylo_analysis/Rules/augur_processing.smk, line 119:
Job 17  completed successfully, but some output files are missing. Missing files after 60 seconds. This might be due to filesystem latency. If that is the case, consider to increase the wait time with --latency-wait:
Results/spike/Augur_AA_Alignements/S1.fasta
Removing output files of failed job translate_tree_sequences since they might be corrupted:
Results/spike/Trees/tree_aa_muts.json, Results/spike/Augur_AA_Alignements/spike_full_length.fasta
Trying to restart job 17.
Select jobs to execute...

[Wed Feb 26 12:42:43 2025]
rule translate_tree_sequences:
    input: Results/spike/Trees/tree.nwk, Results/spike/Trees/tree_muts.json, Results/spike/spike_reference.gb
    output: Results/spike/Trees/tree_aa_muts.json, Results/spike/Augur_AA_Alignements/spike_full_length.fasta, Results/spike/Augur_AA_Alignements/S1.fasta
    log: Results/Logs/spike/translate_tree_sequences.txt
    jobid: 17
    reason: Missing output files: Results/spike/Trees/tree_aa_muts.json; Updated input files: Results/spike/Trees/tree.nwk, Results/spike/Trees/tree_muts.json, Results/spike/spike_reference.gb
    wildcards: gene=spike
    resources: tmpdir=/loc/scratch/11624745

Waiting at most 60 seconds for missing files.
MissingOutputException in rule translate_tree_sequences in file /fh/fast/bloom_j/computational_notebooks/sharari/2025/HcoV_229E_phylo_analysis/Rules/augur_processing.smk, line 119:
Job 17  completed successfully, but some output files are missing. Missing files after 60 seconds. This might be due to filesystem latency. If that is the case, consider to increase the wait time with --latency-wait:
Results/spike/Augur_AA_Alignements/S1.fasta
Removing output files of failed job translate_tree_sequences since they might be corrupted:
Results/spike/Trees/tree_aa_muts.json, Results/spike/Augur_AA_Alignements/spike_full_length.fasta
Trying to restart job 17.
Select jobs to execute...

[Wed Feb 26 12:44:00 2025]
rule translate_tree_sequences:
    input: Results/spike/Trees/tree.nwk, Results/spike/Trees/tree_muts.json, Results/spike/spike_reference.gb
    output: Results/spike/Trees/tree_aa_muts.json, Results/spike/Augur_AA_Alignements/spike_full_length.fasta, Results/spike/Augur_AA_Alignements/S1.fasta
    log: Results/Logs/spike/translate_tree_sequences.txt
    jobid: 17
    reason: Missing output files: Results/spike/Trees/tree_aa_muts.json; Updated input files: Results/spike/Trees/tree.nwk, Results/spike/Trees/tree_muts.json, Results/spike/spike_reference.gb
    wildcards: gene=spike
    resources: tmpdir=/loc/scratch/11624745

Waiting at most 60 seconds for missing files.
MissingOutputException in rule translate_tree_sequences in file /fh/fast/bloom_j/computational_notebooks/sharari/2025/HcoV_229E_phylo_analysis/Rules/augur_processing.smk, line 119:
Job 17  completed successfully, but some output files are missing. Missing files after 60 seconds. This might be due to filesystem latency. If that is the case, consider to increase the wait time with --latency-wait:
Results/spike/Augur_AA_Alignements/S1.fasta
Removing output files of failed job translate_tree_sequences since they might be corrupted:
Results/spike/Trees/tree_aa_muts.json, Results/spike/Augur_AA_Alignements/spike_full_length.fasta
Shutting down, this might take some time.
Exiting because a job execution failed. Look above for error message
Complete log: .snakemake/log/2025-02-26T124047.241151.snakemake.log
