IQ-TREE multicore version 2.2.5 COVID-edition for Linux 64-bit built Sep 15 2023
Developed by Bui Quang Minh, James Barbetti, Nguyen Lam Tung,
Olga Chernomor, Heiko Schmidt, Dominik Schrempf, Michael Woodhams, Ly Trong Nhan.

Host:    gizmoj22 (AVX512, FMA3, 346 GB RAM)
Command: iqtree2 -ntmax 1 -s Results/spike/Alignments/codon_ungapped-delim.fasta -m GTR -ninit 2 -n 2 -me 0.05 -nt AUTO -redo -o camel_Riyadh_Ry141_2015_NC_028752_2015-03-XX
Seed:    453197 (Using SPRNG - Scalable Parallel Random Number Generator)
Time:    Thu Feb 27 14:26:58 2025
Kernel:  AVX+FMA - auto-detect threads (16 CPU cores detected)

Reading alignment file Results/spike/Alignments/codon_ungapped-delim.fasta ... Fasta format detected
Reading fasta file: done in 0.0185774 secs using 62.93% CPU
Alignment most likely contains DNA/RNA sequences
Constructing alignment: done in 0.00715895 secs using 54.73% CPU
Alignment has 215 sequences with 3519 columns, 438 distinct patterns
284 parsimony-informative, 296 singleton sites, 2939 constant sites
                                                             Gap/Ambiguity  Composition  p-value
Analyzing sequences: done in 0.00019436 secs
   1  camel_Riyadh_Ry141_2015_NC_028752_2015-03-XX                   0.37%    passed     89.53%
   2  NC_002645_2021-08-17                                           0.00%    passed     98.21%
   3  hCoV-229E_Russia_SPE-RII-MH183861S_2024_PQ963848_2024-04-15    0.17%    passed    100.00%
   4  hCoV-229E_Russia_KDA-RII-MH204625S_2024_PQ963852_2024-07-17    0.17%    passed     99.97%
   5  hCoV-229E_Russia_SPE-RII-25806S_2021_PQ616078_2021-02-09       0.17%    passed     99.42%
   6  hCoV-229E_Russia_SPE-RII-2076S_2019_PQ616083_2019-02-12        0.17%    passed     99.98%
   7  hCoV-229E_Russia_SPE-RII-956S_2019_PQ616087_2019-01-24         0.17%    passed     99.94%
   8  hCoV-229E_Russia_SPE-RII-1631S_2019_PQ616089_2019-02-04        0.17%    passed     99.57%
   9  hCoV-229E_Russia_SPE-RII-3126S_2019_PQ616091_2019-03-04        0.17%    passed     99.94%
  10  hCoV-229E_Russia_SPE-RII-11131S_2024_PQ616096_2024-03-17       0.17%    passed     99.92%
  11  hCoV-229E_Russia_SPE-RII-14277S_2023_PQ616099_2023-03-14       0.17%    passed     99.99%
  12  hCoV-229E_Russia_SPE-RII-29110S_2021_PQ616104_2021-03-12       0.17%    passed     99.83%
  13  hCoV-229E_Russia_SPE-RII-29469S_2021_PQ616105_2021-03-16       0.17%    passed     99.97%
  14  hCoV-229E_Russia_SPE-RII-29800S_2021_PQ616106_2021-03-18       0.17%    passed     99.84%
  15  hCoV-229E_Russia_SPE-RII-30347S_2021_PQ616108_2021-03-24       0.17%    passed     99.92%
  16  hCoV-229E_Russia_SPE-RII-31552S_2021_PQ616111_2021-04-07       0.17%    passed     99.87%
  17  inf-1_PQ449607_2016-03-31                                      0.17%    passed     99.50%
  18  HCoV-229E_140M_Tanzania_2017_PQ187609_2017-06-06               0.17%    passed     99.94%
  19  HCoV-229E_1197_Singapore_2010_PQ187610_2010-04-06              0.17%    passed     99.99%
  20  HCoV-229E_1340_Singapore_2010_PQ187611_2010-05-17              0.17%    passed    100.00%
  21  HCoV-229E_2277_Singapore_2011_PQ187612_2011-06-15              0.17%    passed     99.96%
  22  HCoV-229E_2326_Singapore_2011_PQ187613_2011-06-30              0.17%    passed     99.90%
  23  HCoV-229E_2613_Singapore_2011_PQ187614_2011-11-10              0.17%    passed     99.99%
  24  HCoV-229E_2615_Singapore_2011_PQ187615_2011-11-10              0.17%    passed     99.98%
  25  HCoV-229E_4033K_Tanzania_2017_PQ187616_2017-01-09              0.17%    passed     99.94%
  26  HKU-240824-001_PQ243243_2020-XX-XX                             0.00%    passed     99.08%
  27  229E_USA_N5MQ9S_2021_PP187313_2021-06-18                       0.17%    passed     99.98%
  28  hCoV-229E_Russia_NVS-RII-MH71549S_2022_OR266946_2022-03-28     0.17%    passed     99.98%
  29  HCoV-229E_BIME001-51_2015_ON554097_2015-XX-XX                  0.17%    passed     99.49%
  30  HCoV-229E_BIME020-63_2016_ON554098_2016-XX-XX                  0.17%    passed     99.57%
  31  HCoV-229E_BIME027-60_2016_ON554099_2016-XX-XX                  0.17%    passed     99.92%
  32  HCoV-229E_BIME030-61_2016_ON554100_2016-XX-XX                  0.17%    passed     99.73%
  33  HCoV-229E_BIME032-64_2016_ON554101_2016-XX-XX                  0.17%    passed     99.71%
  34  HCoV-229E_BIME038-59_2016_ON554102_2016-XX-XX                  0.17%    passed     99.31%
  35  HCoV-229E_BIME050-58_2016_ON554103_2016-XX-XX                  0.17%    passed     99.79%
  36  HCoV-229E_BIME055-67_2016_ON554104_2016-XX-XX                  0.17%    passed     99.78%
  37  HCoV-229E_BIME060-54_2016_ON554105_2016-XX-XX                  0.17%    passed     99.84%
  38  HCoV-229E_BIME061-55_2016_ON554106_2016-XX-XX                  0.17%    passed     99.84%
  39  HCoV-229E_BIME110-17_2017_ON554107_2017-XX-XX                  0.43%    passed     99.60%
  40  HCoV-229E_BIME118-39_2017_ON554108_2017-XX-XX                  0.17%    passed     99.66%
  41  HCoV-229E_BIME125-20_2017_ON554109_2017-XX-XX                  0.17%    passed     99.57%
  42  HCoV-229E_BIME126-21_2017_ON554110_2017-XX-XX                  0.17%    passed     99.77%
  43  HCoV-229E_BIME129-43_2017_ON554111_2017-XX-XX                  0.17%    passed     99.57%
  44  HCoV-229E_BIME140-42_2017_ON554112_2017-XX-XX                  0.17%    passed     99.71%
  45  HCoV-229E_BIME148-44_2017_ON554113_2017-XX-XX                  0.17%    passed     99.90%
  46  HCoV-229E_BIME151-16_2017_ON554114_2017-XX-XX                  0.17%    passed     99.71%
  47  HCoV-229E_BIME152-22_2017_ON554115_2017-XX-XX                  0.17%    passed     99.77%
  48  HCoV-229E_BIME153-23_2017_ON554116_2017-XX-XX                  0.17%    passed     99.80%
  49  HCoV-229E_BIME154-36_2017_ON554117_2017-XX-XX                  0.17%    passed     99.77%
  50  HCoV-229E_BIME155-40_2017_ON554118_2017-XX-XX                  0.17%    passed     99.71%
  51  HCoV-229E_BIME161-50_2017_ON554119_2017-XX-XX                  0.17%    passed     99.36%
  52  HCoV-229E_BIME168-45_2017_ON554120_2017-XX-XX                  0.17%    passed     99.57%
  53  HCoV-229E_BIME171-19_2017_ON554121_2017-XX-XX                  0.17%    passed     99.83%
  54  HCoV-229E_BIME176-46_2017_ON554122_2017-XX-XX                  0.17%    passed     99.50%
  55  HCoV-229E_BIME178-37_2017_ON554123_2017-XX-XX                  0.17%    passed     99.79%
  56  HCoV-229E_BIME186-38_2017_ON554124_2017-XX-XX                  0.17%    passed     99.82%
  57  HCoV-229E_BIME209-34_2018_ON554125_2018-XX-XX                  0.17%    passed     99.82%
  58  HCoV-229E_BIME240-24_2018_ON554126_2018-XX-XX                  0.17%    passed     99.91%
  59  HCoV-229E_BIME248-77_2017_ON554127_2017-XX-XX                  0.17%    passed     99.82%
  60  HCoV-229E_BIME260-05_2017_ON554128_2017-XX-XX                  0.17%    passed     99.82%
  61  HCoV-229E_BIME310-26_2018_ON554129_2018-XX-XX                  0.17%    passed     99.82%
  62  HCoV-229E_BIME319-10_2018_ON554130_2018-XX-XX                  0.17%    passed     99.83%
  63  HCoV-229E_BIME341-12_2018_ON554131_2018-XX-XX                  0.17%    passed     99.57%
  64  HCoV-229E_BIME364-69_2019_ON554132_2019-XX-XX                  0.17%    passed     99.97%
  65  HCoV-229E_BIME365-75_2019_ON554133_2019-XX-XX                  0.17%    passed     99.93%
  66  HCoV-229E_BIME377-74_2019_ON554134_2019-XX-XX                  0.17%    passed     99.99%
  67  HCoV-229E_BIME386-73_2019_ON554135_2019-XX-XX                  0.17%    passed     99.36%
  68  HCoV-229E_BIME389-70_2019_ON554136_2019-XX-XX                  0.17%    passed     99.71%
  69  HCoV-229E_BIME391-71_2019_ON554137_2019-XX-XX                  0.17%    passed     99.36%
  70  HCoV-229E_BIME392-72_2019_ON554138_2019-XX-XX                  0.17%    passed     99.85%
  71  HCoV-229E_BIME412-68_2019_ON554139_2019-XX-XX                  0.17%    passed     99.17%
  72  BJHD29_MW800646_2017-11-28                                     0.17%    passed     99.56%
  73  R2_OK073077_2018-XX-XX                                         0.17%    passed     99.87%
  74  R10_OK073078_2017-XX-XX                                        0.17%    passed     99.82%
  75  R22_OK073079_2018-XX-XX                                        0.17%    passed     99.66%
  76  R35_OK073080_2018-XX-XX                                        0.17%    passed     99.75%
  77  R39_OK073081_2018-XX-XX                                        0.17%    passed     99.75%
  78  R41_OK073082_2018-XX-XX                                        0.17%    passed     99.73%
  79  RS15_OK073083_2017-XX-XX                                       0.17%    passed     99.73%
  80  P42_OK073084_2017-XX-XX                                        0.17%    passed     99.87%
  81  LC22_ON791801_2022-XX-XX                                       0.17%    passed     99.99%
  82  TKU-2021b_OK662398_2021-XX-XX                                  0.00%    passed     98.91%
  83  S0677SP_MW587035_2022-01-20                                    0.43%    passed     99.97%
  84  S0970XLQ_MW587037_2022-01-20                                   0.17%    passed     99.75%
  85  S0959FBW_MW587038_2022-01-20                                   0.17%    passed     99.94%
  86  ATCC_VR-740_OK625404_2017-XX-XX                                0.00%    passed     98.94%
  87  229E_S220_MW202340_2018-XX-XX                                  0.17%    passed     99.70%
  88  229E_China_03_2017_MW532103_2017-05-02                         0.17%    passed     99.56%
  89  229E_China_04_2017_MW532104_2017-08-02                         0.17%    passed     99.87%
  90  229E_China_05_2017_MW532105_2017-09-06                         0.17%    passed     99.98%
  91  229E_China_01_2009_MW532106_2009-06-09                         0.17%    passed     99.84%
  92  229E_China_02_2009_MW532107_2009-04-15                         0.26%    passed     99.93%
  93  2018_9879_MT118677_2018-XX-XX                                  0.17%    passed     99.95%
  94  HK20-42_MT797634_2020-01-XX                                    0.17%    passed     99.57%
  95  HK04-01_MT797676_2004-04-XX                                    0.26%    passed     99.87%
  96  HK04-02_MT797677_2004-06-XX                                    0.26%    passed     99.74%
  97  HK05-03_MT797678_2005-02-XX                                    0.26%    passed     99.58%
  98  HK05-04_MT797679_2005-03-XX                                    0.26%    passed     99.87%
  99  HK05-05_MT797680_2005-04-XX                                    0.26%    passed     99.27%
 100  HK05-06_MT797681_2005-10-XX                                    0.26%    passed     99.91%
 101  HK05-07_MT797682_2005-11-XX                                    0.26%    passed     99.83%
 102  HK05-08_MT797683_2005-11-XX                                    0.26%    passed     99.87%
 103  HK05-09_MT797684_2005-11-XX                                    0.26%    passed     99.96%
 104  HK05-10_MT797685_2005-11-XX                                    0.26%    passed     99.60%
 105  HK05-11_MT797686_2005-12-XX                                    0.26%    passed     99.87%
 106  HK05-12_MT797687_2005-12-XX                                    0.26%    passed     99.83%
 107  HK05-13_MT797688_2005-12-XX                                    0.26%    passed     99.88%
 108  HK05-14_MT797689_2005-12-XX                                    0.26%    passed     99.83%
 109  HK05-15_MT797690_2005-12-XX                                    0.26%    passed     99.83%
 110  HK05-16_MT797691_2005-12-XX                                    0.26%    passed     99.86%
 111  HK05-17_MT797692_2005-12-XX                                    0.26%    passed     99.91%
 112  HK05-18_MT797693_2005-12-XX                                    0.26%    passed     99.06%
 113  HK05-19_MT797694_2005-12-XX                                    0.26%    passed     99.88%
 114  HK05-20_MT797695_2005-12-XX                                    0.26%    passed     99.83%
 115  HK05-21_MT797696_2005-12-XX                                    0.26%    passed     99.73%
 116  HK05-22_MT797697_2005-12-XX                                    0.26%    passed     99.88%
 117  HK06-23_MT797698_2006-01-XX                                    0.26%    passed     99.88%
 118  HK06-24_MT797699_2006-01-XX                                    0.26%    passed     99.83%
 119  HK06-25_MT797700_2006-01-XX                                    0.26%    passed     99.97%
 120  HK06-26_MT797701_2006-01-XX                                    0.26%    passed     99.83%
 121  HK06-27_MT797702_2006-01-XX                                    0.26%    passed     99.71%
 122  HK06-28_MT797703_2006-01-XX                                    0.26%    passed     99.83%
 123  HK06-29_MT797704_2006-01-XX                                    0.26%    passed     99.79%
 124  HK09-30_MT797705_2009-05-XX                                    0.17%    passed     99.93%
 125  HK09-31_MT797706_2009-05-XX                                    0.17%    passed     99.69%
 126  HK11-32_MT797707_2011-02-XX                                    0.17%    passed    100.00%
 127  HK11-33_MT797708_2011-05-XX                                    0.17%    passed    100.00%
 128  HK11-34_MT797709_2011-05-XX                                    0.17%    passed     99.90%
 129  HK11-35_MT797710_2011-07-XX                                    0.17%    passed     99.93%
 130  HK12-36_MT797711_2012-01-XX                                    0.17%    passed     99.94%
 131  HK13-37_MT797712_2013-02-XX                                    0.17%    passed     99.56%
 132  HK13-38_MT797713_2013-05-XX                                    0.17%    passed     99.52%
 133  HK13-39_MT797714_2013-05-XX                                    0.17%    passed     99.84%
 134  HK16-40_MT797715_2016-01-XX                                    0.17%    passed     99.67%
 135  HK16-41_MT797716_2016-01-XX                                    0.17%    passed     99.42%
 136  HCoV-229E_USA_UNM_0186_2016_MT438696_2016-02-09                0.17%    passed     99.66%
 137  HCoV-229E_USA_ACRI_0244_2017_MT438697_2017-02-24               0.17%    passed     98.85%
 138  HCoV-229E_USA_ACRI_0256_2017_MT438698_2017-02-24               0.17%    passed     98.37%
 139  HCoV-229E_USA_UAMS_DID_0108_2017_MT438700_2017-01-27           0.09%    passed     98.63%
 140  11949_2011_KM055531_2011-XX-XX                                 0.17%    passed     99.98%
 141  1512A_2009_KM055532_2009-XX-XX                                 0.17%    passed     99.82%
 142  1518A_2009_KM055533_2009-XX-XX                                 0.17%    passed     99.82%
 143  1546A_2009_KM055534_2009-XX-XX                                 0.17%    passed     99.84%
 144  1649A_2009_KM055535_2009-XX-XX                                 0.17%    passed    100.00%
 145  1658A_2009_KM055536_2009-XX-XX                                 0.17%    passed     99.99%
 146  1667A_2009_KM055537_2009-XX-XX                                 0.17%    passed    100.00%
 147  1761A_2010_KM055538_2010-XX-XX                                 0.17%    passed     99.97%
 148  1781A_2010_KM055539_2010-XX-XX                                 0.17%    passed    100.00%
 149  1782A_2010_KM055540_2010-XX-XX                                 0.17%    passed    100.00%
 150  1827A_2010_KM055541_2010-XX-XX                                 0.17%    passed    100.00%
 151  1829A_2010_KM055542_2010-XX-XX                                 0.17%    passed    100.00%
 152  1990A_2010_KM055543_2010-XX-XX                                 0.17%    passed     99.97%
 153  2764A_2011_KM055544_2011-XX-XX                                 0.17%    passed     99.90%
 154  8339_2009_KM055545_2009-XX-XX                                  0.17%    passed     99.98%
 155  8373_2009_KM055546_2009-XX-XX                                  0.17%    passed     99.98%
 156  8425_2009_KM055547_2009-XX-XX                                  0.17%    passed     99.98%
 157  2861A_2011_KM055548_2011-XX-XX                                 0.17%    passed     99.98%
 158  2961A_2011_KM055549_2011-XX-XX                                 0.17%    passed     99.94%
 159  2981A_2011_KM055550_2011-XX-XX                                 0.17%    passed     99.88%
 160  359A_2007_KM055551_2007-XX-XX                                  0.26%    passed     99.52%
 161  423A_2007_KM055552_2007-XX-XX                                  0.26%    passed     99.96%
 162  1482A_2009_KM055553_2009-XX-XX                                 0.26%    passed     99.95%
 163  494A_2008_KM055554_2008-XX-XX                                  0.26%    passed     99.96%
 164  507A_2008_KM055555_2008-XX-XX                                  0.26%    passed     99.90%
 165  693A_2008_KM055556_2008-XX-XX                                  0.26%    passed     99.95%
 166  748_2005_KM055557_2005-XX-XX                                   0.26%    passed     99.73%
 167  8348_2009_KM055558_2009-XX-XX                                  0.26%    passed     99.90%
 168  857_2005_KM055559_2005-XX-XX                                   0.26%    passed     99.72%
 169  1424A_2009_KM055560_2009-XX-XX                                 0.26%    passed     99.96%
 170  HCoV_229E_Seattle_USA_SC399_2016_KY674914_2016-XX-XX           0.17%    passed     98.74%
 171  HCoV_229E_Seattle_USA_SC2282_2017_KY684760_2016-XX-XX          0.17%    passed     99.99%
 172  HCoV_229E_Seattle_USA_SC579_2016_KY369908_2016-XX-XX           0.17%    passed     98.92%
 173  HCoV_229E_Seattle_USA_SC677_2016_KY369909_2016-XX-XX           0.17%    passed     98.74%
 174  HCoV_229E_Seattle_USA_SC1143_2016_KY369910_2016-XX-XX          0.17%    passed     99.66%
 175  HCoV_229E_Seattle_USA_SC1212_2016_KY369911_2016-XX-XX          0.17%    passed     99.66%
 176  HCoV_229E_Seattle_USA_SC9731_2016_KY369912_2016-XX-XX          0.17%    passed     99.86%
 177  HCoV_229E_Seattle_USA_SC1073_2016_KY369913_2016-XX-XX          0.17%    passed     98.56%
 178  HCoV_229E_Seattle_USA_SC9773_2016_KY369914_2016-XX-XX          0.17%    passed     99.70%
 179  HCoV-229E_BN1_GER_2015_KU291448_2015-XX-XX                     0.17%    passed     99.98%
 180  229E_KF293664_2013-10-01                                       0.00%    passed     98.94%
 181  229E_KF293665_2013-10-01                                       0.00%    passed     98.94%
 182  229E_KF293666_2013-10-01                                       0.00%    passed     98.94%
 183  229E_human_USA_892-11_1989_KF514429_1989-02-07                 0.26%    passed     99.86%
 184  229E_human_USA_933-50_1993_KF514430_1993-03-18                 0.26%    passed     99.54%
 185  229E_human_USA_953-49_1995_KF514431_1995-03-23                 0.26%    passed     99.39%
 186  229E_human_USA_932-72_1993_KF514432_1993-02-22                 0.26%    passed     99.29%
 187  229E_human_USA_933-40_1993_KF514433_1993-03-11                 0.26%    passed     99.46%
 188  ATCC_VR-740_AB691763_2012-08-23                                0.00%    passed     98.91%
 189  ATCC_VR-740_DQ243963_2016-07-26                                0.00%    passed     98.61%
 190  HCoV-229E-11_6_79_DQ243964_2016-07-26                          0.26%    passed     99.90%
 191  HCoV-229E-16_6_82_DQ243965_2016-07-26                          0.26%    passed     99.23%
 192  HCoV-229E-22_9_82_DQ243966_2016-07-26                          0.26%    passed     99.97%
 193  HCoV-229E-6_10_82_DQ243967_2016-07-26                          0.26%    passed     99.76%
 194  HCoV-229E-21_10_82_DQ243968_2016-07-26                         0.26%    passed     99.76%
 195  HCoV-229E-8_11_82a_DQ243969_2016-07-26                         0.26%    passed     99.23%
 196  HCoV-229E-8_11_82b_DQ243970_2016-07-26                         0.26%    passed     99.46%
 197  HCoV-229E-29_7_84_DQ243971_2016-07-26                          0.26%    passed     99.69%
 198  HCoV-229E-5_9_84_DQ243972_2016-07-26                           0.26%    passed     99.80%
 199  HCoV-229E-24_6_90_DQ243973_2016-07-26                          0.26%    passed     99.67%
 200  HCoV-229-25_6_92_DQ243974_2016-07-26                           0.26%    passed     99.72%
 201  HCoV-229E-12_5_92_DQ243975_2016-07-26                          0.26%    passed     99.76%
 202  HCoV-229E-17_6_92_DQ243976_2016-07-26                          0.26%    passed     99.79%
 203  HCoV-229E-8_8_01_DQ243977_2016-07-26                           0.26%    passed     99.70%
 204  HCoV-229E-27_8_01_DQ243978_2016-07-26                          0.26%    passed     99.58%
 205  HCoV-229E-21_6_02_DQ243979_2016-07-26                          0.26%    passed     99.59%
 206  HCoV-229E-6_1_03_DQ243980_2016-07-26                           0.26%    passed     98.30%
 207  HCoV-229E-30_7_03_DQ243983_2016-07-26                          0.26%    passed     99.68%
 208  HCoV-229E-14_8_03_DQ243984_2016-07-26                          0.26%    passed     99.63%
 209  HCoV-229E-19_8_03_DQ243985_2016-07-26                          0.26%    passed     98.52%
 210  HCoV-229E-25_8_03_DQ243986_2016-07-26                          0.26%    passed     99.25%
 211  RW_Stock_AF344186_2001-04-12                                   0.00%    passed     99.08%
 212  P11A_AF344187_2001-04-12                                       0.00%    passed     99.08%
 213  P11B_AF344188_2001-04-12                                       0.00%    passed     98.72%
 214  P100E_AF344189_2001-04-12                                      0.00%    passed     99.28%
 215  229E_AF304460_2001-07-11                                       0.00%    passed     98.21%
****  TOTAL                                                          0.19%  0 sequences failed composition chi2 test (p-value<5%; df=3)
NOTE: 229E_AF304460_2001-07-11 is identical to NC_002645_2021-08-17 but kept for subsequent analysis
NOTE: hCoV-229E_Russia_SPE-RII-3126S_2019_PQ616091_2019-03-04 is identical to hCoV-229E_Russia_SPE-RII-956S_2019_PQ616087_2019-01-24 but kept for subsequent analysis
NOTE: HCoV-229E_4033K_Tanzania_2017_PQ187616_2017-01-09 is identical to HCoV-229E_140M_Tanzania_2017_PQ187609_2017-06-06 but kept for subsequent analysis
NOTE: HCoV-229E_BIME125-20_2017_ON554109_2017-XX-XX is identical to HCoV-229E_BIME020-63_2016_ON554098_2016-XX-XX but kept for subsequent analysis
NOTE: HCoV-229E_BIME151-16_2017_ON554114_2017-XX-XX is identical to HCoV-229E_BIME140-42_2017_ON554112_2017-XX-XX but kept for subsequent analysis
NOTE: HCoV-229E_BIME154-36_2017_ON554117_2017-XX-XX is identical to HCoV-229E_BIME152-22_2017_ON554115_2017-XX-XX but kept for subsequent analysis
NOTE: HCoV-229E_BIME319-10_2018_ON554130_2018-XX-XX is identical to HCoV-229E_BIME171-19_2017_ON554121_2017-XX-XX but kept for subsequent analysis
NOTE: HCoV-229E_BIME260-05_2017_ON554128_2017-XX-XX is identical to HCoV-229E_BIME209-34_2018_ON554125_2018-XX-XX but kept for subsequent analysis
NOTE: HCoV-229E_BIME391-71_2019_ON554137_2019-XX-XX is identical to HCoV-229E_BIME386-73_2019_ON554135_2019-XX-XX but kept for subsequent analysis
NOTE: R39_OK073081_2018-XX-XX is identical to R35_OK073080_2018-XX-XX but kept for subsequent analysis
NOTE: 1546A_2009_KM055534_2009-XX-XX is identical to 229E_China_01_2009_MW532106_2009-06-09 but kept for subsequent analysis
NOTE: HK05-19_MT797694_2005-12-XX is identical to HK05-13_MT797688_2005-12-XX but kept for subsequent analysis
NOTE: HK05-20_MT797695_2005-12-XX is identical to HK05-14_MT797689_2005-12-XX but kept for subsequent analysis
NOTE: 2764A_2011_KM055544_2011-XX-XX is identical to HK11-34_MT797709_2011-05-XX but kept for subsequent analysis
NOTE: 2961A_2011_KM055549_2011-XX-XX is identical to HK12-36_MT797711_2012-01-XX but kept for subsequent analysis
NOTE: 1518A_2009_KM055533_2009-XX-XX is identical to 1512A_2009_KM055532_2009-XX-XX but kept for subsequent analysis
NOTE: 1781A_2010_KM055539_2010-XX-XX is identical to 1667A_2009_KM055537_2009-XX-XX but kept for subsequent analysis
NOTE: 8425_2009_KM055547_2009-XX-XX is identical to 8373_2009_KM055546_2009-XX-XX but kept for subsequent analysis
NOTE: 494A_2008_KM055554_2008-XX-XX is identical to 423A_2007_KM055552_2007-XX-XX but kept for subsequent analysis
NOTE: HCoV_229E_Seattle_USA_SC677_2016_KY369909_2016-XX-XX is identical to HCoV_229E_Seattle_USA_SC399_2016_KY674914_2016-XX-XX but kept for subsequent analysis
NOTE: HCoV_229E_Seattle_USA_SC1212_2016_KY369911_2016-XX-XX is identical to HCoV_229E_Seattle_USA_SC1143_2016_KY369910_2016-XX-XX but kept for subsequent analysis
NOTE: 229E_KF293665_2013-10-01 is identical to 229E_KF293664_2013-10-01 but kept for subsequent analysis
NOTE: HCoV-229E-21_10_82_DQ243968_2016-07-26 is identical to HCoV-229E-6_10_82_DQ243967_2016-07-26 but kept for subsequent analysis
Checking for duplicate sequences: done in 0.000934283 secs using 2.569% CPU
Identifying sites to remove: done in 0.00344327 secs using 8.771% CPU
NOTE: 11 identical sequences (see below) will be ignored for subsequent analysis
NOTE: HCoV-229E_BIME168-45_2017_ON554120_2017-XX-XX (identical to HCoV-229E_BIME020-63_2016_ON554098_2016-XX-XX) is ignored but added at the end
NOTE: HCoV-229E_BIME310-26_2018_ON554129_2018-XX-XX (identical to HCoV-229E_BIME209-34_2018_ON554125_2018-XX-XX) is ignored but added at the end
NOTE: R10_OK073078_2017-XX-XX (identical to HCoV-229E_BIME209-34_2018_ON554125_2018-XX-XX) is ignored but added at the end
NOTE: HK05-22_MT797697_2005-12-XX (identical to HK05-13_MT797688_2005-12-XX) is ignored but added at the end
NOTE: HK06-23_MT797698_2006-01-XX (identical to HK05-13_MT797688_2005-12-XX) is ignored but added at the end
NOTE: HK06-26_MT797701_2006-01-XX (identical to HK05-14_MT797689_2005-12-XX) is ignored but added at the end
NOTE: HK06-28_MT797703_2006-01-XX (identical to HK05-14_MT797689_2005-12-XX) is ignored but added at the end
NOTE: 1782A_2010_KM055540_2010-XX-XX (identical to 1667A_2009_KM055537_2009-XX-XX) is ignored but added at the end
NOTE: 1827A_2010_KM055541_2010-XX-XX (identical to 1667A_2009_KM055537_2009-XX-XX) is ignored but added at the end
NOTE: 1829A_2010_KM055542_2010-XX-XX (identical to 1667A_2009_KM055537_2009-XX-XX) is ignored but added at the end
NOTE: 229E_KF293666_2013-10-01 (identical to 229E_KF293664_2013-10-01) is ignored but added at the end
Alignment was printed to Results/spike/Alignments/codon_ungapped-delim.fasta.uniqueseq.phy

For your convenience alignment with unique sequences printed to Results/spike/Alignments/codon_ungapped-delim.fasta.uniqueseq.phy

Create initial parsimony tree by phylogenetic likelihood library (PLL)... 0.024 seconds

NOTE: 2 MB RAM (0 GB) is required!
Measuring multi-threading efficiency up to 1 CPU cores
Increase to 10 rounds for branch lengths
16 trees examined
Threads: 1 / Time: 1.012 sec / Speedup: 1.000 / Efficiency: 100% / LogL: -39745
Determining AUTO threadcount: done in 1.01282 secs using 93.24% CPU
BEST NUMBER OF THREADS: 1

Estimate model parameters (epsilon = 0.500)
1. Initial log-likelihood: -11576.196
2. Current log-likelihood: -11315.849
Optimal log-likelihood: -11315.783
Rate parameters:  A-C: 1.00202  A-G: 1.55570  A-T: 0.40002  C-G: 0.49650  C-T: 3.73386  G-T: 1.00000
Base frequencies:  A: 0.260  C: 0.183  G: 0.204  T: 0.353
Parameters optimization took 2 rounds (0.108 sec)
Wrote distance file to... 
Computing ML distances based on estimated model parameters...
Calculating distance matrix: done in 0.0782645 secs using 95.84% CPU
Computing ML distances took 0.079117 sec (of wall-clock time) 0.075055 sec (of CPU time)
Setting up auxiliary I and S matrices: done in 0.00275355 secs using 24.62% CPU
Constructing RapidNJ tree: done in 0.00943209 secs using 126.5% CPU
Computing RapidNJ tree took 0.012312 sec (of wall-clock time) 0.012665 sec (of CPU time)
Log-likelihood of RapidNJ tree: -11394.968
--------------------------------------------------------------------
|             INITIALIZING CANDIDATE TREE SET                      |
--------------------------------------------------------------------

Do NNI search on 2 best initial trees
Optimizing NNI: done in 0.150149 secs using 94.86% CPU
Estimate model parameters (epsilon = 0.500)
BETTER TREE FOUND at iteration 1: -11299.311
Optimizing NNI: done in 0.130479 secs using 99.93% CPU
Finish initializing candidate tree set (4)
Current best tree score: -11299.311 / CPU time: 0.333
Number of iterations: 2
TREE SEARCH COMPLETED AFTER 2 ITERATIONS / Time: 0h:0m:1s

--------------------------------------------------------------------
|                    FINALIZING TREE SEARCH                        |
--------------------------------------------------------------------
Performs final model parameters optimization
Estimate model parameters (epsilon = 0.050)
1. Initial log-likelihood: -11299.311
Optimal log-likelihood: -11299.310
Rate parameters:  A-C: 0.99297  A-G: 1.52923  A-T: 0.39913  C-G: 0.49565  C-T: 3.74984  G-T: 1.00000
Base frequencies:  A: 0.260  C: 0.183  G: 0.204  T: 0.353
Parameters optimization took 1 rounds (0.025 sec)
BEST SCORE FOUND : -11299.310
Total tree length: 0.245

Total number of iterations: 2
CPU time used for tree search: 0.322 sec (0h:0m:0s)
Wall-clock time used for tree search: 0.333 sec (0h:0m:0s)
Total CPU time used: 1.616 sec (0h:0m:1s)
Total wall-clock time used: 1.694 sec (0h:0m:1s)

Analysis results written to: 
  IQ-TREE report:                Results/spike/Alignments/codon_ungapped-delim.fasta.iqtree
  Maximum-likelihood tree:       Results/spike/Alignments/codon_ungapped-delim.fasta.treefile
  Likelihood distances:          Results/spike/Alignments/codon_ungapped-delim.fasta.mldist
  Screen log file:               Results/spike/Alignments/codon_ungapped-delim.fasta.log

Date and Time: Thu Feb 27 14:27:00 2025
