IQ-TREE multicore version 2.2.5 COVID-edition for Linux 64-bit built Sep 15 2023
Developed by Bui Quang Minh, James Barbetti, Nguyen Lam Tung,
Olga Chernomor, Heiko Schmidt, Dominik Schrempf, Michael Woodhams, Ly Trong Nhan.

Host:    gizmok157 (AVX512, FMA3, 754 GB RAM)
Command: iqtree2 -ntmax 1 -s Results/spike/Alignments/codon_ungapped-delim.fasta -m GTR -ninit 2 -n 2 -me 0.05 -nt AUTO -redo -o camel_Riyadh_Ry141_2015_NC_028752_2015-03-XX
Seed:    160621 (Using SPRNG - Scalable Parallel Random Number Generator)
Time:    Wed Feb 26 12:28:22 2025
Kernel:  AVX+FMA - auto-detect threads (16 CPU cores detected)

Reading alignment file Results/spike/Alignments/codon_ungapped-delim.fasta ... Fasta format detected
Reading fasta file: done in 0.0192827 secs using 93.97% CPU
Alignment most likely contains DNA/RNA sequences
Constructing alignment: done in 0.0049472 secs using 86.35% CPU
Alignment has 209 sequences with 3519 columns, 430 distinct patterns
281 parsimony-informative, 292 singleton sites, 2946 constant sites
                                                             Gap/Ambiguity  Composition  p-value
Analyzing sequences: done in 0.000189295 secs using 99.84% CPU
   1  camel_Riyadh_Ry141_2015_NC_028752_2015-03-XX                   0.37%    passed     89.60%
   2  NC_002645_2021-08-17                                           0.00%    passed     98.23%
   3  hCoV-229E_Russia_SPE-RII-MH183861S_2024_PQ963848_2024-04-15    0.17%    passed    100.00%
   4  hCoV-229E_Russia_KDA-RII-MH204625S_2024_PQ963852_2024-07-17    0.17%    passed     99.97%
   5  hCoV-229E_Russia_SPE-RII-25806S_2021_PQ616078_2021-02-09       0.17%    passed     99.41%
   6  hCoV-229E_Russia_SPE-RII-2076S_2019_PQ616083_2019-02-12        0.17%    passed     99.98%
   7  hCoV-229E_Russia_SPE-RII-956S_2019_PQ616087_2019-01-24         0.17%    passed     99.94%
   8  hCoV-229E_Russia_SPE-RII-1631S_2019_PQ616089_2019-02-04        0.17%    passed     99.56%
   9  hCoV-229E_Russia_SPE-RII-3126S_2019_PQ616091_2019-03-04        0.17%    passed     99.94%
  10  hCoV-229E_Russia_SPE-RII-11131S_2024_PQ616096_2024-03-17       0.17%    passed     99.92%
  11  hCoV-229E_Russia_SPE-RII-14277S_2023_PQ616099_2023-03-14       0.17%    passed     99.99%
  12  hCoV-229E_Russia_SPE-RII-29110S_2021_PQ616104_2021-03-12       0.17%    passed     99.83%
  13  hCoV-229E_Russia_SPE-RII-29469S_2021_PQ616105_2021-03-16       0.17%    passed     99.97%
  14  hCoV-229E_Russia_SPE-RII-29800S_2021_PQ616106_2021-03-18       0.17%    passed     99.84%
  15  hCoV-229E_Russia_SPE-RII-30347S_2021_PQ616108_2021-03-24       0.17%    passed     99.92%
  16  hCoV-229E_Russia_SPE-RII-31552S_2021_PQ616111_2021-04-07       0.17%    passed     99.87%
  17  inf-1_PQ449607_2016-03-31                                      0.17%    passed     99.49%
  18  HCoV-229E_140M_Tanzania_2017_PQ187609_2017-06-06               0.17%    passed     99.94%
  19  HCoV-229E_1197_Singapore_2010_PQ187610_2010-04-06              0.17%    passed     99.99%
  20  HCoV-229E_1340_Singapore_2010_PQ187611_2010-05-17              0.17%    passed    100.00%
  21  HCoV-229E_2277_Singapore_2011_PQ187612_2011-06-15              0.17%    passed     99.96%
  22  HCoV-229E_2326_Singapore_2011_PQ187613_2011-06-30              0.17%    passed     99.90%
  23  HCoV-229E_2613_Singapore_2011_PQ187614_2011-11-10              0.17%    passed     99.99%
  24  HCoV-229E_2615_Singapore_2011_PQ187615_2011-11-10              0.17%    passed     99.98%
  25  HCoV-229E_4033K_Tanzania_2017_PQ187616_2017-01-09              0.17%    passed     99.94%
  26  HKU-240824-001_PQ243243_2020-XX-XX                             0.00%    passed     99.09%
  27  hCoV-229E_Russia_NVS-RII-MH71549S_2022_OR266946_2022-03-28     0.17%    passed     99.98%
  28  HCoV-229E_BIME001-51_2015_ON554097_2015-XX-XX                  0.17%    passed     99.48%
  29  HCoV-229E_BIME020-63_2016_ON554098_2016-XX-XX                  0.17%    passed     99.56%
  30  HCoV-229E_BIME027-60_2016_ON554099_2016-XX-XX                  0.17%    passed     99.92%
  31  HCoV-229E_BIME030-61_2016_ON554100_2016-XX-XX                  0.17%    passed     99.72%
  32  HCoV-229E_BIME032-64_2016_ON554101_2016-XX-XX                  0.17%    passed     99.70%
  33  HCoV-229E_BIME038-59_2016_ON554102_2016-XX-XX                  0.17%    passed     99.29%
  34  HCoV-229E_BIME050-58_2016_ON554103_2016-XX-XX                  0.17%    passed     99.78%
  35  HCoV-229E_BIME055-67_2016_ON554104_2016-XX-XX                  0.17%    passed     99.78%
  36  HCoV-229E_BIME060-54_2016_ON554105_2016-XX-XX                  0.17%    passed     99.83%
  37  HCoV-229E_BIME061-55_2016_ON554106_2016-XX-XX                  0.17%    passed     99.83%
  38  HCoV-229E_BIME110-17_2017_ON554107_2017-XX-XX                  0.43%    passed     99.60%
  39  HCoV-229E_BIME118-39_2017_ON554108_2017-XX-XX                  0.17%    passed     99.66%
  40  HCoV-229E_BIME125-20_2017_ON554109_2017-XX-XX                  0.17%    passed     99.56%
  41  HCoV-229E_BIME126-21_2017_ON554110_2017-XX-XX                  0.17%    passed     99.77%
  42  HCoV-229E_BIME129-43_2017_ON554111_2017-XX-XX                  0.17%    passed     99.56%
  43  HCoV-229E_BIME140-42_2017_ON554112_2017-XX-XX                  0.17%    passed     99.70%
  44  HCoV-229E_BIME148-44_2017_ON554113_2017-XX-XX                  0.17%    passed     99.90%
  45  HCoV-229E_BIME151-16_2017_ON554114_2017-XX-XX                  0.17%    passed     99.70%
  46  HCoV-229E_BIME152-22_2017_ON554115_2017-XX-XX                  0.17%    passed     99.77%
  47  HCoV-229E_BIME153-23_2017_ON554116_2017-XX-XX                  0.17%    passed     99.79%
  48  HCoV-229E_BIME154-36_2017_ON554117_2017-XX-XX                  0.17%    passed     99.77%
  49  HCoV-229E_BIME155-40_2017_ON554118_2017-XX-XX                  0.17%    passed     99.70%
  50  HCoV-229E_BIME161-50_2017_ON554119_2017-XX-XX                  0.17%    passed     99.34%
  51  HCoV-229E_BIME168-45_2017_ON554120_2017-XX-XX                  0.17%    passed     99.56%
  52  HCoV-229E_BIME171-19_2017_ON554121_2017-XX-XX                  0.17%    passed     99.82%
  53  HCoV-229E_BIME176-46_2017_ON554122_2017-XX-XX                  0.17%    passed     99.49%
  54  HCoV-229E_BIME178-37_2017_ON554123_2017-XX-XX                  0.17%    passed     99.79%
  55  HCoV-229E_BIME186-38_2017_ON554124_2017-XX-XX                  0.17%    passed     99.82%
  56  HCoV-229E_BIME209-34_2018_ON554125_2018-XX-XX                  0.17%    passed     99.81%
  57  HCoV-229E_BIME240-24_2018_ON554126_2018-XX-XX                  0.17%    passed     99.91%
  58  HCoV-229E_BIME248-77_2017_ON554127_2017-XX-XX                  0.17%    passed     99.81%
  59  HCoV-229E_BIME260-05_2017_ON554128_2017-XX-XX                  0.17%    passed     99.81%
  60  HCoV-229E_BIME310-26_2018_ON554129_2018-XX-XX                  0.17%    passed     99.81%
  61  HCoV-229E_BIME319-10_2018_ON554130_2018-XX-XX                  0.17%    passed     99.82%
  62  HCoV-229E_BIME341-12_2018_ON554131_2018-XX-XX                  0.17%    passed     99.56%
  63  HCoV-229E_BIME364-69_2019_ON554132_2019-XX-XX                  0.17%    passed     99.97%
  64  HCoV-229E_BIME365-75_2019_ON554133_2019-XX-XX                  0.17%    passed     99.93%
  65  HCoV-229E_BIME377-74_2019_ON554134_2019-XX-XX                  0.17%    passed     99.99%
  66  HCoV-229E_BIME386-73_2019_ON554135_2019-XX-XX                  0.17%    passed     99.34%
  67  HCoV-229E_BIME389-70_2019_ON554136_2019-XX-XX                  0.17%    passed     99.70%
  68  HCoV-229E_BIME391-71_2019_ON554137_2019-XX-XX                  0.17%    passed     99.34%
  69  HCoV-229E_BIME392-72_2019_ON554138_2019-XX-XX                  0.17%    passed     99.85%
  70  HCoV-229E_BIME412-68_2019_ON554139_2019-XX-XX                  0.17%    passed     99.15%
  71  BJHD29_MW800646_2017-11-28                                     0.17%    passed     99.55%
  72  R2_OK073077_2018-XX-XX                                         0.17%    passed     99.87%
  73  R10_OK073078_2017-XX-XX                                        0.17%    passed     99.81%
  74  R22_OK073079_2018-XX-XX                                        0.17%    passed     99.65%
  75  R35_OK073080_2018-XX-XX                                        0.17%    passed     99.75%
  76  R39_OK073081_2018-XX-XX                                        0.17%    passed     99.75%
  77  R41_OK073082_2018-XX-XX                                        0.17%    passed     99.72%
  78  RS15_OK073083_2017-XX-XX                                       0.17%    passed     99.72%
  79  P42_OK073084_2017-XX-XX                                        0.17%    passed     99.87%
  80  TKU-2021b_OK662398_2021-XX-XX                                  0.00%    passed     98.92%
  81  S0677SP_MW587035_2022-01-20                                    0.43%    passed     99.96%
  82  S0970XLQ_MW587037_2022-01-20                                   0.17%    passed     99.75%
  83  S0959FBW_MW587038_2022-01-20                                   0.17%    passed     99.94%
  84  ATCC_VR-740_OK625404_2017-XX-XX                                0.00%    passed     98.95%
  85  229E_China_03_2017_MW532103_2017-05-02                         0.17%    passed     99.55%
  86  229E_China_04_2017_MW532104_2017-08-02                         0.17%    passed     99.87%
  87  229E_China_05_2017_MW532105_2017-09-06                         0.17%    passed     99.98%
  88  229E_China_01_2009_MW532106_2009-06-09                         0.17%    passed     99.85%
  89  229E_China_02_2009_MW532107_2009-04-15                         0.26%    passed     99.94%
  90  HK20-42_MT797634_2020-01-XX                                    0.17%    passed     99.56%
  91  HK04-01_MT797676_2004-04-XX                                    0.26%    passed     99.88%
  92  HK04-02_MT797677_2004-06-XX                                    0.26%    passed     99.75%
  93  HK05-03_MT797678_2005-02-XX                                    0.26%    passed     99.59%
  94  HK05-04_MT797679_2005-03-XX                                    0.26%    passed     99.87%
  95  HK05-05_MT797680_2005-04-XX                                    0.26%    passed     99.28%
  96  HK05-06_MT797681_2005-10-XX                                    0.26%    passed     99.92%
  97  HK05-07_MT797682_2005-11-XX                                    0.26%    passed     99.84%
  98  HK05-08_MT797683_2005-11-XX                                    0.26%    passed     99.88%
  99  HK05-09_MT797684_2005-11-XX                                    0.26%    passed     99.96%
 100  HK05-10_MT797685_2005-11-XX                                    0.26%    passed     99.61%
 101  HK05-11_MT797686_2005-12-XX                                    0.26%    passed     99.87%
 102  HK05-12_MT797687_2005-12-XX                                    0.26%    passed     99.84%
 103  HK05-13_MT797688_2005-12-XX                                    0.26%    passed     99.88%
 104  HK05-14_MT797689_2005-12-XX                                    0.26%    passed     99.84%
 105  HK05-15_MT797690_2005-12-XX                                    0.26%    passed     99.84%
 106  HK05-16_MT797691_2005-12-XX                                    0.26%    passed     99.87%
 107  HK05-17_MT797692_2005-12-XX                                    0.26%    passed     99.92%
 108  HK05-18_MT797693_2005-12-XX                                    0.26%    passed     99.08%
 109  HK05-19_MT797694_2005-12-XX                                    0.26%    passed     99.88%
 110  HK05-20_MT797695_2005-12-XX                                    0.26%    passed     99.84%
 111  HK05-21_MT797696_2005-12-XX                                    0.26%    passed     99.74%
 112  HK05-22_MT797697_2005-12-XX                                    0.26%    passed     99.88%
 113  HK06-23_MT797698_2006-01-XX                                    0.26%    passed     99.88%
 114  HK06-24_MT797699_2006-01-XX                                    0.26%    passed     99.84%
 115  HK06-25_MT797700_2006-01-XX                                    0.26%    passed     99.97%
 116  HK06-26_MT797701_2006-01-XX                                    0.26%    passed     99.84%
 117  HK06-27_MT797702_2006-01-XX                                    0.26%    passed     99.72%
 118  HK06-28_MT797703_2006-01-XX                                    0.26%    passed     99.84%
 119  HK06-29_MT797704_2006-01-XX                                    0.26%    passed     99.80%
 120  HK09-30_MT797705_2009-05-XX                                    0.17%    passed     99.94%
 121  HK09-31_MT797706_2009-05-XX                                    0.17%    passed     99.70%
 122  HK11-32_MT797707_2011-02-XX                                    0.17%    passed    100.00%
 123  HK11-33_MT797708_2011-05-XX                                    0.17%    passed    100.00%
 124  HK11-34_MT797709_2011-05-XX                                    0.17%    passed     99.90%
 125  HK11-35_MT797710_2011-07-XX                                    0.17%    passed     99.93%
 126  HK12-36_MT797711_2012-01-XX                                    0.17%    passed     99.94%
 127  HK13-37_MT797712_2013-02-XX                                    0.17%    passed     99.55%
 128  HK13-38_MT797713_2013-05-XX                                    0.17%    passed     99.51%
 129  HK13-39_MT797714_2013-05-XX                                    0.17%    passed     99.83%
 130  HK16-40_MT797715_2016-01-XX                                    0.17%    passed     99.66%
 131  HK16-41_MT797716_2016-01-XX                                    0.17%    passed     99.40%
 132  HCoV-229E_USA_UNM_0186_2016_MT438696_2016-02-09                0.17%    passed     99.66%
 133  HCoV-229E_USA_ACRI_0244_2017_MT438697_2017-02-24               0.17%    passed     98.84%
 134  HCoV-229E_USA_ACRI_0256_2017_MT438698_2017-02-24               0.17%    passed     98.36%
 135  HCoV-229E_USA_UAMS_DID_0108_2017_MT438700_2017-01-27           0.09%    passed     98.62%
 136  11949_2011_KM055531_2011-XX-XX                                 0.17%    passed     99.98%
 137  1512A_2009_KM055532_2009-XX-XX                                 0.17%    passed     99.82%
 138  1518A_2009_KM055533_2009-XX-XX                                 0.17%    passed     99.82%
 139  1546A_2009_KM055534_2009-XX-XX                                 0.17%    passed     99.85%
 140  1649A_2009_KM055535_2009-XX-XX                                 0.17%    passed    100.00%
 141  1658A_2009_KM055536_2009-XX-XX                                 0.17%    passed     99.99%
 142  1667A_2009_KM055537_2009-XX-XX                                 0.17%    passed    100.00%
 143  1761A_2010_KM055538_2010-XX-XX                                 0.17%    passed     99.97%
 144  1781A_2010_KM055539_2010-XX-XX                                 0.17%    passed    100.00%
 145  1782A_2010_KM055540_2010-XX-XX                                 0.17%    passed    100.00%
 146  1827A_2010_KM055541_2010-XX-XX                                 0.17%    passed    100.00%
 147  1829A_2010_KM055542_2010-XX-XX                                 0.17%    passed    100.00%
 148  1990A_2010_KM055543_2010-XX-XX                                 0.17%    passed     99.96%
 149  2764A_2011_KM055544_2011-XX-XX                                 0.17%    passed     99.90%
 150  8339_2009_KM055545_2009-XX-XX                                  0.17%    passed     99.98%
 151  8373_2009_KM055546_2009-XX-XX                                  0.17%    passed     99.98%
 152  8425_2009_KM055547_2009-XX-XX                                  0.17%    passed     99.98%
 153  2861A_2011_KM055548_2011-XX-XX                                 0.17%    passed     99.98%
 154  2961A_2011_KM055549_2011-XX-XX                                 0.17%    passed     99.94%
 155  2981A_2011_KM055550_2011-XX-XX                                 0.17%    passed     99.88%
 156  359A_2007_KM055551_2007-XX-XX                                  0.26%    passed     99.53%
 157  423A_2007_KM055552_2007-XX-XX                                  0.26%    passed     99.96%
 158  1482A_2009_KM055553_2009-XX-XX                                 0.26%    passed     99.95%
 159  494A_2008_KM055554_2008-XX-XX                                  0.26%    passed     99.96%
 160  507A_2008_KM055555_2008-XX-XX                                  0.26%    passed     99.90%
 161  693A_2008_KM055556_2008-XX-XX                                  0.26%    passed     99.95%
 162  748_2005_KM055557_2005-XX-XX                                   0.26%    passed     99.74%
 163  8348_2009_KM055558_2009-XX-XX                                  0.26%    passed     99.90%
 164  857_2005_KM055559_2005-XX-XX                                   0.26%    passed     99.73%
 165  1424A_2009_KM055560_2009-XX-XX                                 0.26%    passed     99.96%
 166  HCoV_229E_Seattle_USA_SC579_2016_KY369908_2016-XX-XX           0.17%    passed     98.91%
 167  HCoV_229E_Seattle_USA_SC677_2016_KY369909_2016-XX-XX           0.17%    passed     98.73%
 168  HCoV_229E_Seattle_USA_SC1143_2016_KY369910_2016-XX-XX          0.17%    passed     99.65%
 169  HCoV_229E_Seattle_USA_SC1212_2016_KY369911_2016-XX-XX          0.17%    passed     99.65%
 170  HCoV_229E_Seattle_USA_SC9731_2016_KY369912_2016-XX-XX          0.17%    passed     99.85%
 171  HCoV_229E_Seattle_USA_SC1073_2016_KY369913_2016-XX-XX          0.17%    passed     98.55%
 172  HCoV_229E_Seattle_USA_SC9773_2016_KY369914_2016-XX-XX          0.17%    passed     99.70%
 173  HCoV-229E_BN1_GER_2015_KU291448_2015-XX-XX                     0.17%    passed     99.98%
 174  229E_KF293664_2013-10-01                                       0.00%    passed     98.95%
 175  229E_KF293665_2013-10-01                                       0.00%    passed     98.95%
 176  229E_KF293666_2013-10-01                                       0.00%    passed     98.95%
 177  229E_human_USA_892-11_1989_KF514429_1989-02-07                 0.26%    passed     99.86%
 178  229E_human_USA_933-50_1993_KF514430_1993-03-18                 0.26%    passed     99.54%
 179  229E_human_USA_953-49_1995_KF514431_1995-03-23                 0.26%    passed     99.39%
 180  229E_human_USA_932-72_1993_KF514432_1993-02-22                 0.26%    passed     99.30%
 181  229E_human_USA_933-40_1993_KF514433_1993-03-11                 0.26%    passed     99.47%
 182  ATCC_VR-740_AB691763_2012-08-23                                0.00%    passed     98.92%
 183  ATCC_VR-740_DQ243963_2016-07-26                                0.00%    passed     98.63%
 184  HCoV-229E-11_6_79_DQ243964_2016-07-26                          0.26%    passed     99.91%
 185  HCoV-229E-16_6_82_DQ243965_2016-07-26                          0.26%    passed     99.23%
 186  HCoV-229E-22_9_82_DQ243966_2016-07-26                          0.26%    passed     99.97%
 187  HCoV-229E-6_10_82_DQ243967_2016-07-26                          0.26%    passed     99.77%
 188  HCoV-229E-21_10_82_DQ243968_2016-07-26                         0.26%    passed     99.77%
 189  HCoV-229E-8_11_82a_DQ243969_2016-07-26                         0.26%    passed     99.25%
 190  HCoV-229E-8_11_82b_DQ243970_2016-07-26                         0.26%    passed     99.47%
 191  HCoV-229E-29_7_84_DQ243971_2016-07-26                          0.26%    passed     99.70%
 192  HCoV-229E-5_9_84_DQ243972_2016-07-26                           0.26%    passed     99.80%
 193  HCoV-229E-24_6_90_DQ243973_2016-07-26                          0.26%    passed     99.67%
 194  HCoV-229-25_6_92_DQ243974_2016-07-26                           0.26%    passed     99.72%
 195  HCoV-229E-12_5_92_DQ243975_2016-07-26                          0.26%    passed     99.76%
 196  HCoV-229E-17_6_92_DQ243976_2016-07-26                          0.26%    passed     99.79%
 197  HCoV-229E-8_8_01_DQ243977_2016-07-26                           0.26%    passed     99.70%
 198  HCoV-229E-27_8_01_DQ243978_2016-07-26                          0.26%    passed     99.59%
 199  HCoV-229E-21_6_02_DQ243979_2016-07-26                          0.26%    passed     99.59%
 200  HCoV-229E-6_1_03_DQ243980_2016-07-26                           0.26%    passed     98.32%
 201  HCoV-229E-30_7_03_DQ243983_2016-07-26                          0.26%    passed     99.69%
 202  HCoV-229E-14_8_03_DQ243984_2016-07-26                          0.26%    passed     99.64%
 203  HCoV-229E-19_8_03_DQ243985_2016-07-26                          0.26%    passed     98.55%
 204  HCoV-229E-25_8_03_DQ243986_2016-07-26                          0.26%    passed     99.27%
 205  RW_Stock_AF344186_2001-04-12                                   0.00%    passed     99.09%
 206  P11A_AF344187_2001-04-12                                       0.00%    passed     99.09%
 207  P11B_AF344188_2001-04-12                                       0.00%    passed     98.73%
 208  P100E_AF344189_2001-04-12                                      0.00%    passed     99.29%
 209  229E_AF304460_2001-07-11                                       0.00%    passed     98.23%
****  TOTAL                                                          0.19%  0 sequences failed composition chi2 test (p-value<5%; df=3)
NOTE: 229E_AF304460_2001-07-11 is identical to NC_002645_2021-08-17 but kept for subsequent analysis
NOTE: hCoV-229E_Russia_SPE-RII-3126S_2019_PQ616091_2019-03-04 is identical to hCoV-229E_Russia_SPE-RII-956S_2019_PQ616087_2019-01-24 but kept for subsequent analysis
NOTE: HCoV-229E_4033K_Tanzania_2017_PQ187616_2017-01-09 is identical to HCoV-229E_140M_Tanzania_2017_PQ187609_2017-06-06 but kept for subsequent analysis
NOTE: HCoV-229E_BIME125-20_2017_ON554109_2017-XX-XX is identical to HCoV-229E_BIME020-63_2016_ON554098_2016-XX-XX but kept for subsequent analysis
NOTE: HCoV-229E_BIME151-16_2017_ON554114_2017-XX-XX is identical to HCoV-229E_BIME140-42_2017_ON554112_2017-XX-XX but kept for subsequent analysis
NOTE: HCoV-229E_BIME154-36_2017_ON554117_2017-XX-XX is identical to HCoV-229E_BIME152-22_2017_ON554115_2017-XX-XX but kept for subsequent analysis
NOTE: HCoV-229E_BIME319-10_2018_ON554130_2018-XX-XX is identical to HCoV-229E_BIME171-19_2017_ON554121_2017-XX-XX but kept for subsequent analysis
NOTE: HCoV-229E_BIME260-05_2017_ON554128_2017-XX-XX is identical to HCoV-229E_BIME209-34_2018_ON554125_2018-XX-XX but kept for subsequent analysis
NOTE: HCoV-229E_BIME391-71_2019_ON554137_2019-XX-XX is identical to HCoV-229E_BIME386-73_2019_ON554135_2019-XX-XX but kept for subsequent analysis
NOTE: R39_OK073081_2018-XX-XX is identical to R35_OK073080_2018-XX-XX but kept for subsequent analysis
NOTE: 1546A_2009_KM055534_2009-XX-XX is identical to 229E_China_01_2009_MW532106_2009-06-09 but kept for subsequent analysis
NOTE: HK05-19_MT797694_2005-12-XX is identical to HK05-13_MT797688_2005-12-XX but kept for subsequent analysis
NOTE: HK05-20_MT797695_2005-12-XX is identical to HK05-14_MT797689_2005-12-XX but kept for subsequent analysis
NOTE: 2764A_2011_KM055544_2011-XX-XX is identical to HK11-34_MT797709_2011-05-XX but kept for subsequent analysis
NOTE: 2961A_2011_KM055549_2011-XX-XX is identical to HK12-36_MT797711_2012-01-XX but kept for subsequent analysis
NOTE: 1518A_2009_KM055533_2009-XX-XX is identical to 1512A_2009_KM055532_2009-XX-XX but kept for subsequent analysis
NOTE: 1781A_2010_KM055539_2010-XX-XX is identical to 1667A_2009_KM055537_2009-XX-XX but kept for subsequent analysis
NOTE: 8425_2009_KM055547_2009-XX-XX is identical to 8373_2009_KM055546_2009-XX-XX but kept for subsequent analysis
NOTE: 494A_2008_KM055554_2008-XX-XX is identical to 423A_2007_KM055552_2007-XX-XX but kept for subsequent analysis
NOTE: HCoV_229E_Seattle_USA_SC1212_2016_KY369911_2016-XX-XX is identical to HCoV_229E_Seattle_USA_SC1143_2016_KY369910_2016-XX-XX but kept for subsequent analysis
NOTE: 229E_KF293665_2013-10-01 is identical to 229E_KF293664_2013-10-01 but kept for subsequent analysis
NOTE: HCoV-229E-21_10_82_DQ243968_2016-07-26 is identical to HCoV-229E-6_10_82_DQ243967_2016-07-26 but kept for subsequent analysis
Checking for duplicate sequences: done in 0.000639055 secs using 99.99% CPU
Identifying sites to remove: done in 0.00345743 secs using 99.99% CPU
NOTE: 11 identical sequences (see below) will be ignored for subsequent analysis
NOTE: HCoV-229E_BIME168-45_2017_ON554120_2017-XX-XX (identical to HCoV-229E_BIME020-63_2016_ON554098_2016-XX-XX) is ignored but added at the end
NOTE: HCoV-229E_BIME310-26_2018_ON554129_2018-XX-XX (identical to HCoV-229E_BIME209-34_2018_ON554125_2018-XX-XX) is ignored but added at the end
NOTE: R10_OK073078_2017-XX-XX (identical to HCoV-229E_BIME209-34_2018_ON554125_2018-XX-XX) is ignored but added at the end
NOTE: HK05-22_MT797697_2005-12-XX (identical to HK05-13_MT797688_2005-12-XX) is ignored but added at the end
NOTE: HK06-23_MT797698_2006-01-XX (identical to HK05-13_MT797688_2005-12-XX) is ignored but added at the end
NOTE: HK06-26_MT797701_2006-01-XX (identical to HK05-14_MT797689_2005-12-XX) is ignored but added at the end
NOTE: HK06-28_MT797703_2006-01-XX (identical to HK05-14_MT797689_2005-12-XX) is ignored but added at the end
NOTE: 1782A_2010_KM055540_2010-XX-XX (identical to 1667A_2009_KM055537_2009-XX-XX) is ignored but added at the end
NOTE: 1827A_2010_KM055541_2010-XX-XX (identical to 1667A_2009_KM055537_2009-XX-XX) is ignored but added at the end
NOTE: 1829A_2010_KM055542_2010-XX-XX (identical to 1667A_2009_KM055537_2009-XX-XX) is ignored but added at the end
NOTE: 229E_KF293666_2013-10-01 (identical to 229E_KF293664_2013-10-01) is ignored but added at the end
Alignment was printed to Results/spike/Alignments/codon_ungapped-delim.fasta.uniqueseq.phy

For your convenience alignment with unique sequences printed to Results/spike/Alignments/codon_ungapped-delim.fasta.uniqueseq.phy

Create initial parsimony tree by phylogenetic likelihood library (PLL)... 0.019 seconds

NOTE: 2 MB RAM (0 GB) is required!
Measuring multi-threading efficiency up to 1 CPU cores
Increase to 10 rounds for branch lengths
19 trees examined
Threads: 1 / Time: 1.039 sec / Speedup: 1.000 / Efficiency: 100% / LogL: -36660
Determining AUTO threadcount: done in 1.03962 secs using 99.77% CPU
BEST NUMBER OF THREADS: 1

Estimate model parameters (epsilon = 0.500)
1. Initial log-likelihood: -11483.284
2. Current log-likelihood: -11224.740
Optimal log-likelihood: -11224.665
Rate parameters:  A-C: 0.99094  A-G: 1.55313  A-T: 0.39223  C-G: 0.53016  C-T: 3.72991  G-T: 1.00000
Base frequencies:  A: 0.260  C: 0.183  G: 0.204  T: 0.353
Parameters optimization took 2 rounds (0.114 sec)
Wrote distance file to... 
Computing ML distances based on estimated model parameters...
Calculating distance matrix: done in 0.0758681 secs using 99.89% CPU
Computing ML distances took 0.076604 sec (of wall-clock time) 0.076464 sec (of CPU time)
Setting up auxiliary I and S matrices: done in 0.00211062 secs using 91.82% CPU
Constructing RapidNJ tree: done in 0.00601605 secs using 98.69% CPU
Computing RapidNJ tree took 0.008236 sec (of wall-clock time) 0.007991 sec (of CPU time)
Log-likelihood of RapidNJ tree: -11282.679
--------------------------------------------------------------------
|             INITIALIZING CANDIDATE TREE SET                      |
--------------------------------------------------------------------

Do NNI search on 2 best initial trees
Optimizing NNI: done in 0.0972155 secs using 99.95% CPU
Estimate model parameters (epsilon = 0.500)
BETTER TREE FOUND at iteration 1: -11203.212
Optimizing NNI: done in 0.0856665 secs using 99.97% CPU
Finish initializing candidate tree set (4)
Current best tree score: -11203.212 / CPU time: 0.229
Number of iterations: 2
TREE SEARCH COMPLETED AFTER 2 ITERATIONS / Time: 0h:0m:1s

--------------------------------------------------------------------
|                    FINALIZING TREE SEARCH                        |
--------------------------------------------------------------------
Performs final model parameters optimization
Estimate model parameters (epsilon = 0.050)
1. Initial log-likelihood: -11203.212
Optimal log-likelihood: -11203.207
Rate parameters:  A-C: 0.98238  A-G: 1.55233  A-T: 0.38860  C-G: 0.52170  C-T: 3.73347  G-T: 1.00000
Base frequencies:  A: 0.260  C: 0.183  G: 0.204  T: 0.353
Parameters optimization took 1 rounds (0.024 sec)
BEST SCORE FOUND : -11203.207
Total tree length: 0.241

Total number of iterations: 2
CPU time used for tree search: 0.217 sec (0h:0m:0s)
Wall-clock time used for tree search: 0.231 sec (0h:0m:0s)
Total CPU time used: 1.597 sec (0h:0m:1s)
Total wall-clock time used: 1.668 sec (0h:0m:1s)

Analysis results written to: 
  IQ-TREE report:                Results/spike/Alignments/codon_ungapped-delim.fasta.iqtree
  Maximum-likelihood tree:       Results/spike/Alignments/codon_ungapped-delim.fasta.treefile
  Likelihood distances:          Results/spike/Alignments/codon_ungapped-delim.fasta.mldist
  Screen log file:               Results/spike/Alignments/codon_ungapped-delim.fasta.log

Date and Time: Wed Feb 26 12:28:23 2025
