Building DAG of jobs...
Using shell: /bin/bash
Provided cores: 16
Rules claiming more threads will be scaled down.
Conda environments: ignored
Job stats:
job                                count
-------------------------------  -------
align_protein_sequences                1
all                                    1
calculate_variation                    1
check_number_ORFs_found                1
create_codon_alignment                 1
download_and_process_accessions        1
edit_codon_fasta_headers               1
edit_protein_fasta_headers             1
get_codon_sequences                    1
get_protein_sequences                  1
root_and_remove_outgroup               1
strip_codon_alignment_gaps             1
strip_protein_alignment_gaps           1
tree_sequences                         1
total                                 14

Select jobs to execute...

[Tue Feb 25 15:45:47 2025]
rule download_and_process_accessions:
    input: Configure/Input_Data/229E_full_accession_list.txt
    output: Results/spike/nucleotide.fasta, Results/spike/metadata.tsv
    log: Results/Logs/spike/download_and_process_accessions.txt
    jobid: 2
    reason: Missing output files: Results/spike/nucleotide.fasta
    wildcards: gene=spike
    resources: tmpdir=/loc/scratch/11420939

[Tue Feb 25 15:55:30 2025]
Finished job 2.
1 of 14 steps (7%) done
Select jobs to execute...

[Tue Feb 25 15:55:30 2025]
rule get_codon_sequences:
    input: Results/spike/nucleotide.fasta
    output: Results/spike/ORF_sequences/codon_temp.fasta
    log: Results/Logs/spike/get_codon_sequences.txt
    jobid: 4
    reason: Missing output files: Results/spike/ORF_sequences/codon_temp.fasta; Input files updated by another job: Results/spike/nucleotide.fasta
    wildcards: gene=spike
    resources: tmpdir=/loc/scratch/11420939


[Tue Feb 25 15:55:30 2025]
rule get_protein_sequences:
    input: Results/spike/nucleotide.fasta
    output: Results/spike/ORF_sequences/protein_temp.fasta
    log: Results/Logs/spike/get_protein_sequences.txt
    jobid: 3
    reason: Missing output files: Results/spike/ORF_sequences/protein_temp.fasta; Input files updated by another job: Results/spike/nucleotide.fasta
    wildcards: gene=spike
    resources: tmpdir=/loc/scratch/11420939

[Tue Feb 25 15:55:31 2025]
Finished job 3.
2 of 14 steps (14%) done
Select jobs to execute...

[Tue Feb 25 15:55:31 2025]
rule edit_protein_fasta_headers:
    input: Results/spike/ORF_sequences/protein_temp.fasta
    output: Results/spike/ORF_sequences/protein.fasta
    log: Results/Logs/spike/edit_protein_fasta_headers.txt
    jobid: 10
    reason: Missing output files: Results/spike/ORF_sequences/protein.fasta; Input files updated by another job: Results/spike/ORF_sequences/protein_temp.fasta
    wildcards: gene=spike
    resources: tmpdir=/loc/scratch/11420939

[Tue Feb 25 15:55:31 2025]
Finished job 4.
3 of 14 steps (21%) done
Select jobs to execute...

[Tue Feb 25 15:55:31 2025]
rule edit_codon_fasta_headers:
    input: Results/spike/ORF_sequences/codon_temp.fasta
    output: Results/spike/ORF_sequences/codon.fasta
    log: Results/Logs/spike/edit_codon_fasta_headers.txt
    jobid: 11
    reason: Missing output files: Results/spike/ORF_sequences/codon.fasta; Input files updated by another job: Results/spike/ORF_sequences/codon_temp.fasta
    wildcards: gene=spike
    resources: tmpdir=/loc/scratch/11420939

[Tue Feb 25 15:55:31 2025]
rule check_number_ORFs_found:
    input: Results/spike/nucleotide.fasta, Results/spike/ORF_sequences/protein_temp.fasta, Results/spike/ORF_sequences/codon_temp.fasta
    output: Results/spike/ORF_sequences/ORF_extraction_verification.txt
    jobid: 1
    reason: Missing output files: Results/spike/ORF_sequences/ORF_extraction_verification.txt; Input files updated by another job: Results/spike/nucleotide.fasta, Results/spike/ORF_sequences/codon_temp.fasta, Results/spike/ORF_sequences/protein_temp.fasta
    wildcards: gene=spike
    resources: tmpdir=/loc/scratch/11420939

[Tue Feb 25 15:55:31 2025]
Finished job 1.
4 of 14 steps (29%) done
[Tue Feb 25 15:55:32 2025]
Finished job 11.
5 of 14 steps (36%) done
[Tue Feb 25 15:55:32 2025]
Finished job 10.
6 of 14 steps (43%) done
Select jobs to execute...

[Tue Feb 25 15:55:32 2025]
rule align_protein_sequences:
    input: Results/spike/ORF_sequences/protein.fasta
    output: Results/spike/Alignments/protein.fasta
    log: Results/Logs/spike/align_protein_sequences.txt
    jobid: 9
    reason: Missing output files: Results/spike/Alignments/protein.fasta; Input files updated by another job: Results/spike/ORF_sequences/protein.fasta
    wildcards: gene=spike
    resources: tmpdir=/loc/scratch/11420939

[Tue Feb 25 15:55:37 2025]
Finished job 9.
7 of 14 steps (50%) done
Select jobs to execute...

[Tue Feb 25 15:55:37 2025]
rule strip_protein_alignment_gaps:
    input: Results/spike/Alignments/protein.fasta
    output: Results/spike/Alignments/protein_ungapped.fasta
    log: Results/Logs/spike/strip_protein_alignment_gaps.txt
    jobid: 12
    reason: Missing output files: Results/spike/Alignments/protein_ungapped.fasta; Input files updated by another job: Results/spike/Alignments/protein.fasta
    wildcards: gene=spike
    resources: tmpdir=/loc/scratch/11420939

[Tue Feb 25 15:55:37 2025]
rule create_codon_alignment:
    input: Results/spike/Alignments/protein.fasta, Results/spike/ORF_sequences/codon.fasta
    output: Results/spike/Alignments/codon.fasta
    log: Results/Logs/spike/create_codon_alignment.txt
    jobid: 8
    reason: Missing output files: Results/spike/Alignments/codon.fasta; Input files updated by another job: Results/spike/Alignments/protein.fasta, Results/spike/ORF_sequences/codon.fasta
    wildcards: gene=spike
    resources: tmpdir=/loc/scratch/11420939

[Tue Feb 25 15:55:37 2025]
Finished job 12.
8 of 14 steps (57%) done
[Tue Feb 25 15:55:37 2025]
Finished job 8.
9 of 14 steps (64%) done
Select jobs to execute...

[Tue Feb 25 15:55:37 2025]
rule strip_codon_alignment_gaps:
    input: Results/spike/Alignments/codon.fasta
    output: Results/spike/Alignments/codon_ungapped.fasta
    log: Results/Logs/spike/strip_codon_alignment_gaps.txt
    jobid: 7
    reason: Missing output files: Results/spike/Alignments/codon_ungapped.fasta; Input files updated by another job: Results/spike/Alignments/codon.fasta
    wildcards: gene=spike
    resources: tmpdir=/loc/scratch/11420939

[Tue Feb 25 15:55:38 2025]
Finished job 7.
10 of 14 steps (71%) done
Select jobs to execute...

[Tue Feb 25 15:55:38 2025]
rule tree_sequences:
    input: Results/spike/Alignments/codon_ungapped.fasta
    output: Results/spike/Trees/tree_raw.nwk
    log: Results/Logs/spike/tree_sequences.txt
    jobid: 6
    reason: Missing output files: Results/spike/Trees/tree_raw.nwk; Input files updated by another job: Results/spike/Alignments/codon_ungapped.fasta
    wildcards: gene=spike
    resources: tmpdir=/loc/scratch/11420939

[Tue Feb 25 15:55:46 2025]
Finished job 6.
11 of 14 steps (79%) done
Select jobs to execute...

[Tue Feb 25 15:55:46 2025]
rule root_and_remove_outgroup:
    input: Results/spike/Trees/tree_raw.nwk, Results/spike/Alignments/protein_ungapped.fasta, Results/spike/Alignments/codon_ungapped.fasta
    output: Results/spike/Trees/tree_no_outgroup.nwk, Results/spike/Alignments/protein_ungapped_no_outgroup.fasta, Results/spike/Alignments/codon_ungapped_no_outgroup.fasta
    log: Results/Logs/spike/root_and_remove_outgroup.txt
    jobid: 5
    reason: Missing output files: Results/spike/Alignments/protein_ungapped_no_outgroup.fasta; Input files updated by another job: Results/spike/Alignments/protein_ungapped.fasta, Results/spike/Alignments/codon_ungapped.fasta, Results/spike/Trees/tree_raw.nwk
    wildcards: gene=spike
    resources: tmpdir=/loc/scratch/11420939

[Tue Feb 25 15:55:47 2025]
Finished job 5.
12 of 14 steps (86%) done
Select jobs to execute...

[Tue Feb 25 15:55:47 2025]
rule calculate_variation:
    input: Results/spike/Alignments/protein_ungapped_no_outgroup.fasta
    output: Results/spike/Alignments/spike_natural_variation.csv
    jobid: 13
    reason: Missing output files: Results/spike/Alignments/spike_natural_variation.csv; Input files updated by another job: Results/spike/Alignments/protein_ungapped_no_outgroup.fasta
    wildcards: gene=spike
    resources: tmpdir=/loc/scratch/11420939

[Tue Feb 25 15:55:57 2025]
Finished job 13.
13 of 14 steps (93%) done
Select jobs to execute...

[Tue Feb 25 15:55:57 2025]
localrule all:
    input: Results/spike/ORF_sequences/ORF_extraction_verification.txt, auspice/spike.json, Results/spike/Alignments/spike_natural_variation.csv
    jobid: 0
    reason: Input files updated by another job: Results/spike/Alignments/spike_natural_variation.csv, Results/spike/ORF_sequences/ORF_extraction_verification.txt
    resources: tmpdir=/loc/scratch/11420939

[Tue Feb 25 15:55:57 2025]
Finished job 0.
14 of 14 steps (100%) done
Complete log: .snakemake/log/2025-02-25T154539.785807.snakemake.log
