Building DAG of jobs...
Using shell: /bin/bash
Provided cores: 16
Rules claiming more threads will be scaled down.
Conda environments: ignored
Job stats:
job                         count
------------------------  -------
all                             1
export_tree                     1
translate_tree_sequences        1
total                           3

Select jobs to execute...

[Wed Feb 26 12:50:51 2025]
rule translate_tree_sequences:
    input: Results/spike/Trees/tree.nwk, Results/spike/Trees/tree_muts.json, Results/spike/spike_reference.gb
    output: Results/spike/Trees/tree_aa_muts.json, Results/spike/Augur_AA_Alignements/spike_full_length.fasta, Results/spike/Augur_AA_Alignements/S1.fasta
    log: Results/Logs/spike/translate_tree_sequences.txt
    jobid: 17
    reason: Missing output files: Results/spike/Trees/tree_aa_muts.json; Updated input files: Results/spike/spike_reference.gb, Results/spike/Trees/tree.nwk, Results/spike/Trees/tree_muts.json
    wildcards: gene=spike
    resources: tmpdir=/loc/scratch/11625244

[Wed Feb 26 12:51:18 2025]
Finished job 17.
1 of 3 steps (33%) done
Select jobs to execute...

[Wed Feb 26 12:51:18 2025]
rule export_tree:
    input: Results/spike/Trees/tree.nwk, Results/spike/metadata.tsv, Results/spike/Trees/tree_branch_lengths.json, Results/spike/Trees/tree_traits.json, Results/spike/Trees/tree_muts.json, Results/spike/Trees/tree_aa_muts.json, Configure/Input_Data/auspice_config.json, Results/spike/Trees/colors.tsv, Configure/Input_Data/lat_longs.tsv
    output: auspice/spike.json
    jobid: 5
    reason: Input files updated by another job: Results/spike/Trees/tree_aa_muts.json
    wildcards: gene=spike
    resources: tmpdir=/loc/scratch/11625244

[Wed Feb 26 12:51:31 2025]
Finished job 5.
2 of 3 steps (67%) done
Select jobs to execute...

[Wed Feb 26 12:51:31 2025]
localrule all:
    input: Results/spike/ORF_sequences/ORF_extraction_verification.txt, auspice/spike.json, Results/spike/Alignments/spike_natural_variation.csv
    jobid: 0
    reason: Input files updated by another job: auspice/spike.json
    resources: tmpdir=/loc/scratch/11625244

[Wed Feb 26 12:51:31 2025]
Finished job 0.
3 of 3 steps (100%) done
Complete log: .snakemake/log/2025-02-26T125017.979327.snakemake.log
