Building DAG of jobs...
Using shell: /bin/bash
Provided cores: 16
Rules claiming more threads will be scaled down.
Conda environments: ignored
Job stats:
job                             count
----------------------------  -------
all                                 1
calculate_variation                 1
root_and_remove_outgroup            1
strip_codon_alignment_gaps          1
strip_protein_alignment_gaps        1
tree_sequences                      1
total                               6

Select jobs to execute...

[Tue Feb 25 15:15:28 2025]
rule strip_protein_alignment_gaps:
    input: Results/spike/Alignments/protein.fasta
    output: Results/spike/Alignments/protein_ungapped.fasta
    log: Results/Logs/spike/strip_protein_alignment_gaps.txt
    jobid: 12
    reason: Missing output files: Results/spike/Alignments/protein_ungapped.fasta
    wildcards: gene=spike
    resources: tmpdir=/loc/scratch/11409423

[Tue Feb 25 15:15:28 2025]
rule strip_codon_alignment_gaps:
    input: Results/spike/Alignments/codon.fasta
    output: Results/spike/Alignments/codon_ungapped.fasta
    log: Results/Logs/spike/strip_codon_alignment_gaps.txt
    jobid: 7
    reason: Missing output files: Results/spike/Alignments/codon_ungapped.fasta
    wildcards: gene=spike
    resources: tmpdir=/loc/scratch/11409423

[Tue Feb 25 15:15:29 2025]
Error in rule strip_codon_alignment_gaps:
    jobid: 7
    input: Results/spike/Alignments/codon.fasta
    output: Results/spike/Alignments/codon_ungapped.fasta
    log: Results/Logs/spike/strip_codon_alignment_gaps.txt (check log file(s) for error details)
    conda-env: /fh/fast/bloom_j/computational_notebooks/sharari/2025/HcoV_229E_phylo_analysis/.snakemake/conda/97c12c1be2db4304555330299cbcc68d_

[Tue Feb 25 15:15:29 2025]
Error in rule strip_protein_alignment_gaps:
    jobid: 12
    input: Results/spike/Alignments/protein.fasta
    output: Results/spike/Alignments/protein_ungapped.fasta
    log: Results/Logs/spike/strip_protein_alignment_gaps.txt (check log file(s) for error details)
    conda-env: /fh/fast/bloom_j/computational_notebooks/sharari/2025/HcoV_229E_phylo_analysis/.snakemake/conda/97c12c1be2db4304555330299cbcc68d_

RuleException:
CalledProcessError in file /fh/fast/bloom_j/computational_notebooks/sharari/2025/HcoV_229E_phylo_analysis/Rules/align_sequences.smk, line 58:
Command 'set -euo pipefail;  /home/sharari/miniforge3/envs/evo_jump/bin/python3.11 /fh/fast/bloom_j/computational_notebooks/sharari/2025/HcoV_229E_phylo_analysis/.snakemake/scripts/tmpp2oxgv2g.remove_gaps_from_alignment.py' returned non-zero exit status 1.
  File "/fh/fast/bloom_j/computational_notebooks/sharari/2025/HcoV_229E_phylo_analysis/Rules/align_sequences.smk", line 58, in __rule_strip_protein_alignment_gaps
  File "/home/sharari/miniforge3/envs/evo_jump/lib/python3.11/concurrent/futures/thread.py", line 58, in run
RuleException:
CalledProcessError in file /fh/fast/bloom_j/computational_notebooks/sharari/2025/HcoV_229E_phylo_analysis/Rules/align_sequences.smk, line 77:
Command 'set -euo pipefail;  /home/sharari/miniforge3/envs/evo_jump/bin/python3.11 /fh/fast/bloom_j/computational_notebooks/sharari/2025/HcoV_229E_phylo_analysis/.snakemake/scripts/tmpae2nti2u.remove_gaps_from_alignment.py' returned non-zero exit status 1.
  File "/fh/fast/bloom_j/computational_notebooks/sharari/2025/HcoV_229E_phylo_analysis/Rules/align_sequences.smk", line 77, in __rule_strip_codon_alignment_gaps
  File "/home/sharari/miniforge3/envs/evo_jump/lib/python3.11/concurrent/futures/thread.py", line 58, in run
Trying to restart job 12.
Select jobs to execute...

[Tue Feb 25 15:15:29 2025]
rule strip_protein_alignment_gaps:
    input: Results/spike/Alignments/protein.fasta
    output: Results/spike/Alignments/protein_ungapped.fasta
    log: Results/Logs/spike/strip_protein_alignment_gaps.txt
    jobid: 12
    reason: Missing output files: Results/spike/Alignments/protein_ungapped.fasta
    wildcards: gene=spike
    resources: tmpdir=/loc/scratch/11409423

Trying to restart job 7.
Select jobs to execute...

[Tue Feb 25 15:15:29 2025]
rule strip_codon_alignment_gaps:
    input: Results/spike/Alignments/codon.fasta
    output: Results/spike/Alignments/codon_ungapped.fasta
    log: Results/Logs/spike/strip_codon_alignment_gaps.txt
    jobid: 7
    reason: Missing output files: Results/spike/Alignments/codon_ungapped.fasta
    wildcards: gene=spike
    resources: tmpdir=/loc/scratch/11409423

[Tue Feb 25 15:15:30 2025]
Error in rule strip_protein_alignment_gaps:
    jobid: 12
    input: Results/spike/Alignments/protein.fasta
    output: Results/spike/Alignments/protein_ungapped.fasta
    log: Results/Logs/spike/strip_protein_alignment_gaps.txt (check log file(s) for error details)
    conda-env: /fh/fast/bloom_j/computational_notebooks/sharari/2025/HcoV_229E_phylo_analysis/.snakemake/conda/97c12c1be2db4304555330299cbcc68d_

RuleException:
CalledProcessError in file /fh/fast/bloom_j/computational_notebooks/sharari/2025/HcoV_229E_phylo_analysis/Rules/align_sequences.smk, line 58:
Command 'set -euo pipefail;  /home/sharari/miniforge3/envs/evo_jump/bin/python3.11 /fh/fast/bloom_j/computational_notebooks/sharari/2025/HcoV_229E_phylo_analysis/.snakemake/scripts/tmpmtgjj5w9.remove_gaps_from_alignment.py' returned non-zero exit status 1.
  File "/fh/fast/bloom_j/computational_notebooks/sharari/2025/HcoV_229E_phylo_analysis/Rules/align_sequences.smk", line 58, in __rule_strip_protein_alignment_gaps
  File "/home/sharari/miniforge3/envs/evo_jump/lib/python3.11/concurrent/futures/thread.py", line 58, in run
Trying to restart job 12.
Select jobs to execute...

[Tue Feb 25 15:15:30 2025]
rule strip_protein_alignment_gaps:
    input: Results/spike/Alignments/protein.fasta
    output: Results/spike/Alignments/protein_ungapped.fasta
    log: Results/Logs/spike/strip_protein_alignment_gaps.txt
    jobid: 12
    reason: Missing output files: Results/spike/Alignments/protein_ungapped.fasta
    wildcards: gene=spike
    resources: tmpdir=/loc/scratch/11409423

[Tue Feb 25 15:15:30 2025]
Error in rule strip_codon_alignment_gaps:
    jobid: 7
    input: Results/spike/Alignments/codon.fasta
    output: Results/spike/Alignments/codon_ungapped.fasta
    log: Results/Logs/spike/strip_codon_alignment_gaps.txt (check log file(s) for error details)
    conda-env: /fh/fast/bloom_j/computational_notebooks/sharari/2025/HcoV_229E_phylo_analysis/.snakemake/conda/97c12c1be2db4304555330299cbcc68d_

RuleException:
CalledProcessError in file /fh/fast/bloom_j/computational_notebooks/sharari/2025/HcoV_229E_phylo_analysis/Rules/align_sequences.smk, line 77:
Command 'set -euo pipefail;  /home/sharari/miniforge3/envs/evo_jump/bin/python3.11 /fh/fast/bloom_j/computational_notebooks/sharari/2025/HcoV_229E_phylo_analysis/.snakemake/scripts/tmp8jeb2db9.remove_gaps_from_alignment.py' returned non-zero exit status 1.
  File "/fh/fast/bloom_j/computational_notebooks/sharari/2025/HcoV_229E_phylo_analysis/Rules/align_sequences.smk", line 77, in __rule_strip_codon_alignment_gaps
  File "/home/sharari/miniforge3/envs/evo_jump/lib/python3.11/concurrent/futures/thread.py", line 58, in run
Trying to restart job 7.
Select jobs to execute...

[Tue Feb 25 15:15:30 2025]
rule strip_codon_alignment_gaps:
    input: Results/spike/Alignments/codon.fasta
    output: Results/spike/Alignments/codon_ungapped.fasta
    log: Results/Logs/spike/strip_codon_alignment_gaps.txt
    jobid: 7
    reason: Missing output files: Results/spike/Alignments/codon_ungapped.fasta
    wildcards: gene=spike
    resources: tmpdir=/loc/scratch/11409423

[Tue Feb 25 15:15:30 2025]
Error in rule strip_protein_alignment_gaps:
    jobid: 12
    input: Results/spike/Alignments/protein.fasta
    output: Results/spike/Alignments/protein_ungapped.fasta
    log: Results/Logs/spike/strip_protein_alignment_gaps.txt (check log file(s) for error details)
    conda-env: /fh/fast/bloom_j/computational_notebooks/sharari/2025/HcoV_229E_phylo_analysis/.snakemake/conda/97c12c1be2db4304555330299cbcc68d_

RuleException:
CalledProcessError in file /fh/fast/bloom_j/computational_notebooks/sharari/2025/HcoV_229E_phylo_analysis/Rules/align_sequences.smk, line 58:
Command 'set -euo pipefail;  /home/sharari/miniforge3/envs/evo_jump/bin/python3.11 /fh/fast/bloom_j/computational_notebooks/sharari/2025/HcoV_229E_phylo_analysis/.snakemake/scripts/tmpzoi02y57.remove_gaps_from_alignment.py' returned non-zero exit status 1.
  File "/fh/fast/bloom_j/computational_notebooks/sharari/2025/HcoV_229E_phylo_analysis/Rules/align_sequences.smk", line 58, in __rule_strip_protein_alignment_gaps
  File "/home/sharari/miniforge3/envs/evo_jump/lib/python3.11/concurrent/futures/thread.py", line 58, in run
[Tue Feb 25 15:15:30 2025]
Error in rule strip_codon_alignment_gaps:
    jobid: 7
    input: Results/spike/Alignments/codon.fasta
    output: Results/spike/Alignments/codon_ungapped.fasta
    log: Results/Logs/spike/strip_codon_alignment_gaps.txt (check log file(s) for error details)
    conda-env: /fh/fast/bloom_j/computational_notebooks/sharari/2025/HcoV_229E_phylo_analysis/.snakemake/conda/97c12c1be2db4304555330299cbcc68d_

RuleException:
CalledProcessError in file /fh/fast/bloom_j/computational_notebooks/sharari/2025/HcoV_229E_phylo_analysis/Rules/align_sequences.smk, line 77:
Command 'set -euo pipefail;  /home/sharari/miniforge3/envs/evo_jump/bin/python3.11 /fh/fast/bloom_j/computational_notebooks/sharari/2025/HcoV_229E_phylo_analysis/.snakemake/scripts/tmprs1uglrl.remove_gaps_from_alignment.py' returned non-zero exit status 1.
  File "/fh/fast/bloom_j/computational_notebooks/sharari/2025/HcoV_229E_phylo_analysis/Rules/align_sequences.smk", line 77, in __rule_strip_codon_alignment_gaps
  File "/home/sharari/miniforge3/envs/evo_jump/lib/python3.11/concurrent/futures/thread.py", line 58, in run
Shutting down, this might take some time.
Exiting because a job execution failed. Look above for error message
Complete log: .snakemake/log/2025-02-25T151523.384790.snakemake.log
