Building DAG of jobs...
Using shell: /bin/bash
Provided cores: 16
Rules claiming more threads will be scaled down.
Conda environments: ignored
Job stats:
job                                count
-------------------------------  -------
align_protein_sequences                1
all                                    1
ancestral_tree_sequences               1
calculate_variation                    1
check_number_ORFs_found                1
colors                                 1
create_codon_alignment                 1
create_new_references                  1
download_and_process_accessions        1
edit_codon_fasta_headers               1
edit_protein_fasta_headers             1
export_tree                            1
get_codon_sequences                    1
get_protein_sequences                  1
refine_tree_sequences                  1
root_and_remove_outgroup               1
strip_codon_alignment_gaps             1
strip_protein_alignment_gaps           1
traits_tree_sequences                  1
translate_tree_sequences               1
tree_sequences                         1
total                                 21

Select jobs to execute...

[Tue Feb 25 11:18:18 2025]
rule download_and_process_accessions:
    input: Configure/Input_Data/229E_full_accession_list.txt
    output: Results/spike/nucleotide.fasta, Results/spike/metadata.tsv
    log: Results/Logs/spike/download_and_process_accessions.txt
    jobid: 2
    reason: Missing output files: Results/spike/metadata.tsv, Results/spike/nucleotide.fasta
    wildcards: gene=spike
    resources: tmpdir=/loc/scratch/11387329

[Tue Feb 25 11:18:18 2025]
rule create_new_references:
    input: Configure/Input_Data/HcoV-229E_referance_sequence.gb
    output: Results/spike/spike_reference.gb
    log: Results/Logs/spike/create_new_references.txt
    jobid: 18
    reason: Missing output files: Results/spike/spike_reference.gb
    wildcards: gene=spike
    resources: tmpdir=/loc/scratch/11387329

[Tue Feb 25 11:18:19 2025]
Finished job 18.
1 of 21 steps (5%) done
[Tue Feb 25 11:28:18 2025]
Finished job 2.
2 of 21 steps (10%) done
Select jobs to execute...

[Tue Feb 25 11:28:18 2025]
rule colors:
    input: Configure/Input_Data/color_schemes.tsv, Configure/Input_Data/color_orderings.tsv, Results/spike/metadata.tsv
    output: Results/spike/Trees/colors.tsv
    jobid: 19
    reason: Missing output files: Results/spike/Trees/colors.tsv; Input files updated by another job: Results/spike/metadata.tsv
    wildcards: gene=spike
    resources: tmpdir=/loc/scratch/11387329


[Tue Feb 25 11:28:18 2025]
rule get_codon_sequences:
    input: Results/spike/nucleotide.fasta
    output: Results/spike/ORF_sequences/codon_temp.fasta
    log: Results/Logs/spike/get_codon_sequences.txt
    jobid: 4
    reason: Missing output files: Results/spike/ORF_sequences/codon_temp.fasta; Input files updated by another job: Results/spike/nucleotide.fasta
    wildcards: gene=spike
    resources: tmpdir=/loc/scratch/11387329


[Tue Feb 25 11:28:18 2025]
rule get_protein_sequences:
    input: Results/spike/nucleotide.fasta
    output: Results/spike/ORF_sequences/protein_temp.fasta
    log: Results/Logs/spike/get_protein_sequences.txt
    jobid: 3
    reason: Missing output files: Results/spike/ORF_sequences/protein_temp.fasta; Input files updated by another job: Results/spike/nucleotide.fasta
    wildcards: gene=spike
    resources: tmpdir=/loc/scratch/11387329

[Tue Feb 25 11:28:18 2025]
Finished job 3.
3 of 21 steps (14%) done
Select jobs to execute...

[Tue Feb 25 11:28:18 2025]
rule edit_protein_fasta_headers:
    input: Results/spike/ORF_sequences/protein_temp.fasta
    output: Results/spike/ORF_sequences/protein.fasta
    log: Results/Logs/spike/edit_protein_fasta_headers.txt
    jobid: 12
    reason: Missing output files: Results/spike/ORF_sequences/protein.fasta; Input files updated by another job: Results/spike/ORF_sequences/protein_temp.fasta
    wildcards: gene=spike
    resources: tmpdir=/loc/scratch/11387329

[Tue Feb 25 11:28:18 2025]
Finished job 4.
4 of 21 steps (19%) done
Select jobs to execute...

[Tue Feb 25 11:28:18 2025]
rule edit_codon_fasta_headers:
    input: Results/spike/ORF_sequences/codon_temp.fasta
    output: Results/spike/ORF_sequences/codon.fasta
    log: Results/Logs/spike/edit_codon_fasta_headers.txt
    jobid: 13
    reason: Missing output files: Results/spike/ORF_sequences/codon.fasta; Input files updated by another job: Results/spike/ORF_sequences/codon_temp.fasta
    wildcards: gene=spike
    resources: tmpdir=/loc/scratch/11387329

[Tue Feb 25 11:28:18 2025]
rule check_number_ORFs_found:
    input: Results/spike/nucleotide.fasta, Results/spike/ORF_sequences/protein_temp.fasta, Results/spike/ORF_sequences/codon_temp.fasta
    output: Results/spike/ORF_sequences/ORF_extraction_verification.txt
    jobid: 1
    reason: Missing output files: Results/spike/ORF_sequences/ORF_extraction_verification.txt; Input files updated by another job: Results/spike/ORF_sequences/protein_temp.fasta, Results/spike/nucleotide.fasta, Results/spike/ORF_sequences/codon_temp.fasta
    wildcards: gene=spike
    resources: tmpdir=/loc/scratch/11387329

[Tue Feb 25 11:28:18 2025]
Finished job 1.
5 of 21 steps (24%) done
[Tue Feb 25 11:28:19 2025]
Finished job 12.
6 of 21 steps (29%) done
Select jobs to execute...

[Tue Feb 25 11:28:19 2025]
rule align_protein_sequences:
    input: Results/spike/ORF_sequences/protein.fasta
    output: Results/spike/Alignments/protein.fasta
    log: Results/Logs/spike/align_protein_sequences.txt
    jobid: 11
    reason: Missing output files: Results/spike/Alignments/protein.fasta; Input files updated by another job: Results/spike/ORF_sequences/protein.fasta
    wildcards: gene=spike
    resources: tmpdir=/loc/scratch/11387329

[Tue Feb 25 11:28:19 2025]
Finished job 13.
7 of 21 steps (33%) done
[Tue Feb 25 11:28:19 2025]
Finished job 19.
8 of 21 steps (38%) done
[Tue Feb 25 11:28:28 2025]
Finished job 11.
9 of 21 steps (43%) done
Select jobs to execute...

[Tue Feb 25 11:28:28 2025]
rule create_codon_alignment:
    input: Results/spike/Alignments/protein.fasta, Results/spike/ORF_sequences/codon.fasta
    output: Results/spike/Alignments/codon.fasta
    log: Results/Logs/spike/create_codon_alignment.txt
    jobid: 10
    reason: Missing output files: Results/spike/Alignments/codon.fasta; Input files updated by another job: Results/spike/ORF_sequences/codon.fasta, Results/spike/Alignments/protein.fasta
    wildcards: gene=spike
    resources: tmpdir=/loc/scratch/11387329

[Tue Feb 25 11:28:28 2025]
rule strip_protein_alignment_gaps:
    input: Results/spike/Alignments/protein.fasta
    output: Results/spike/Alignments/protein_ungapped.fasta
    log: Results/Logs/spike/strip_protein_alignment_gaps.txt
    jobid: 14
    reason: Missing output files: Results/spike/Alignments/protein_ungapped.fasta; Input files updated by another job: Results/spike/Alignments/protein.fasta
    wildcards: gene=spike
    resources: tmpdir=/loc/scratch/11387329

[Tue Feb 25 11:28:29 2025]
Finished job 10.
10 of 21 steps (48%) done
Select jobs to execute...

[Tue Feb 25 11:28:29 2025]
rule strip_codon_alignment_gaps:
    input: Results/spike/Alignments/codon.fasta
    output: Results/spike/Alignments/codon_ungapped.fasta
    log: Results/Logs/spike/strip_codon_alignment_gaps.txt
    jobid: 9
    reason: Missing output files: Results/spike/Alignments/codon_ungapped.fasta; Input files updated by another job: Results/spike/Alignments/codon.fasta
    wildcards: gene=spike
    resources: tmpdir=/loc/scratch/11387329

[Tue Feb 25 11:28:30 2025]
Finished job 14.
11 of 21 steps (52%) done
[Tue Feb 25 11:28:32 2025]
Finished job 9.
12 of 21 steps (57%) done
Select jobs to execute...

[Tue Feb 25 11:28:32 2025]
rule tree_sequences:
    input: Results/spike/Alignments/codon_ungapped.fasta
    output: Results/spike/Trees/tree_raw.nwk
    log: Results/Logs/spike/tree_sequences.txt
    jobid: 8
    reason: Missing output files: Results/spike/Trees/tree_raw.nwk; Input files updated by another job: Results/spike/Alignments/codon_ungapped.fasta
    wildcards: gene=spike
    resources: tmpdir=/loc/scratch/11387329

[Tue Feb 25 11:28:52 2025]
Error in rule tree_sequences:
    jobid: 8
    input: Results/spike/Alignments/codon_ungapped.fasta
    output: Results/spike/Trees/tree_raw.nwk
    log: Results/Logs/spike/tree_sequences.txt (check log file(s) for error details)
    conda-env: /fh/fast/bloom_j/computational_notebooks/sharari/2025/HcoV_229E_phylo_analysis/.snakemake/conda/97c12c1be2db4304555330299cbcc68d_
    shell:
        augur tree --alignment Results/spike/Alignments/codon_ungapped.fasta --tree-builder-args '\-o NL63_NC_005831_2021-11-27' --output Results/spike/Trees/tree_raw.nwk &> Results/Logs/spike/tree_sequences.txt
        (one of the commands exited with non-zero exit code; note that snakemake uses bash strict mode!)

Trying to restart job 8.
Select jobs to execute...

[Tue Feb 25 11:28:52 2025]
rule tree_sequences:
    input: Results/spike/Alignments/codon_ungapped.fasta
    output: Results/spike/Trees/tree_raw.nwk
    log: Results/Logs/spike/tree_sequences.txt
    jobid: 8
    reason: Missing output files: Results/spike/Trees/tree_raw.nwk; Input files updated by another job: Results/spike/Alignments/codon_ungapped.fasta
    wildcards: gene=spike
    resources: tmpdir=/loc/scratch/11387329

[Tue Feb 25 11:28:55 2025]
Error in rule tree_sequences:
    jobid: 8
    input: Results/spike/Alignments/codon_ungapped.fasta
    output: Results/spike/Trees/tree_raw.nwk
    log: Results/Logs/spike/tree_sequences.txt (check log file(s) for error details)
    conda-env: /fh/fast/bloom_j/computational_notebooks/sharari/2025/HcoV_229E_phylo_analysis/.snakemake/conda/97c12c1be2db4304555330299cbcc68d_
    shell:
        augur tree --alignment Results/spike/Alignments/codon_ungapped.fasta --tree-builder-args '\-o NL63_NC_005831_2021-11-27' --output Results/spike/Trees/tree_raw.nwk &> Results/Logs/spike/tree_sequences.txt
        (one of the commands exited with non-zero exit code; note that snakemake uses bash strict mode!)

Trying to restart job 8.
Select jobs to execute...

[Tue Feb 25 11:28:55 2025]
rule tree_sequences:
    input: Results/spike/Alignments/codon_ungapped.fasta
    output: Results/spike/Trees/tree_raw.nwk
    log: Results/Logs/spike/tree_sequences.txt
    jobid: 8
    reason: Missing output files: Results/spike/Trees/tree_raw.nwk; Input files updated by another job: Results/spike/Alignments/codon_ungapped.fasta
    wildcards: gene=spike
    resources: tmpdir=/loc/scratch/11387329

[Tue Feb 25 11:28:57 2025]
Error in rule tree_sequences:
    jobid: 8
    input: Results/spike/Alignments/codon_ungapped.fasta
    output: Results/spike/Trees/tree_raw.nwk
    log: Results/Logs/spike/tree_sequences.txt (check log file(s) for error details)
    conda-env: /fh/fast/bloom_j/computational_notebooks/sharari/2025/HcoV_229E_phylo_analysis/.snakemake/conda/97c12c1be2db4304555330299cbcc68d_
    shell:
        augur tree --alignment Results/spike/Alignments/codon_ungapped.fasta --tree-builder-args '\-o NL63_NC_005831_2021-11-27' --output Results/spike/Trees/tree_raw.nwk &> Results/Logs/spike/tree_sequences.txt
        (one of the commands exited with non-zero exit code; note that snakemake uses bash strict mode!)

Shutting down, this might take some time.
Exiting because a job execution failed. Look above for error message
Complete log: .snakemake/log/2025-02-25T111814.900062.snakemake.log
