Building DAG of jobs...
Using shell: /bin/bash
Provided cores: 16
Rules claiming more threads will be scaled down.
Conda environments: ignored
Job stats:
job                                count
-------------------------------  -------
align_protein_sequences                1
all                                    1
ancestral_tree_sequences               1
calculate_variation                    1
check_number_ORFs_found                1
colors                                 1
create_codon_alignment                 1
download_and_process_accessions        1
edit_codon_fasta_headers               1
edit_protein_fasta_headers             1
export_tree                            1
get_codon_sequences                    1
get_protein_sequences                  1
refine_tree_sequences                  1
root_and_remove_outgroup               1
strip_codon_alignment_gaps             1
strip_protein_alignment_gaps           1
traits_tree_sequences                  1
translate_tree_sequences               1
tree_sequences                         1
total                                 20

Select jobs to execute...

[Tue Feb 25 14:19:55 2025]
rule download_and_process_accessions:
    input: Configure/Input_Data/229E_full_accession_list.txt
    output: Results/spike/nucleotide.fasta, Results/spike/metadata.tsv
    log: Results/Logs/spike/download_and_process_accessions.txt
    jobid: 2
    reason: Missing output files: Results/spike/nucleotide.fasta, Results/spike/metadata.tsv
    wildcards: gene=spike
    resources: tmpdir=/loc/scratch/11397749

[Tue Feb 25 14:29:38 2025]
Finished job 2.
1 of 20 steps (5%) done
Select jobs to execute...

[Tue Feb 25 14:29:38 2025]
rule get_codon_sequences:
    input: Results/spike/nucleotide.fasta
    output: Results/spike/ORF_sequences/codon_temp.fasta
    log: Results/Logs/spike/get_codon_sequences.txt
    jobid: 4
    reason: Missing output files: Results/spike/ORF_sequences/codon_temp.fasta; Input files updated by another job: Results/spike/nucleotide.fasta
    wildcards: gene=spike
    resources: tmpdir=/loc/scratch/11397749


[Tue Feb 25 14:29:38 2025]
rule get_protein_sequences:
    input: Results/spike/nucleotide.fasta
    output: Results/spike/ORF_sequences/protein_temp.fasta
    log: Results/Logs/spike/get_protein_sequences.txt
    jobid: 3
    reason: Missing output files: Results/spike/ORF_sequences/protein_temp.fasta; Input files updated by another job: Results/spike/nucleotide.fasta
    wildcards: gene=spike
    resources: tmpdir=/loc/scratch/11397749


[Tue Feb 25 14:29:38 2025]
rule colors:
    input: Configure/Input_Data/color_schemes.tsv, Configure/Input_Data/color_orderings.tsv, Results/spike/metadata.tsv
    output: Results/spike/Trees/colors.tsv
    jobid: 19
    reason: Missing output files: Results/spike/Trees/colors.tsv; Input files updated by another job: Results/spike/metadata.tsv
    wildcards: gene=spike
    resources: tmpdir=/loc/scratch/11397749

[Tue Feb 25 14:29:39 2025]
Finished job 3.
2 of 20 steps (10%) done
Select jobs to execute...

[Tue Feb 25 14:29:39 2025]
rule edit_protein_fasta_headers:
    input: Results/spike/ORF_sequences/protein_temp.fasta
    output: Results/spike/ORF_sequences/protein.fasta
    log: Results/Logs/spike/edit_protein_fasta_headers.txt
    jobid: 12
    reason: Missing output files: Results/spike/ORF_sequences/protein.fasta; Input files updated by another job: Results/spike/ORF_sequences/protein_temp.fasta
    wildcards: gene=spike
    resources: tmpdir=/loc/scratch/11397749

[Tue Feb 25 14:29:39 2025]
Finished job 4.
3 of 20 steps (15%) done
Select jobs to execute...

[Tue Feb 25 14:29:39 2025]
rule edit_codon_fasta_headers:
    input: Results/spike/ORF_sequences/codon_temp.fasta
    output: Results/spike/ORF_sequences/codon.fasta
    log: Results/Logs/spike/edit_codon_fasta_headers.txt
    jobid: 13
    reason: Missing output files: Results/spike/ORF_sequences/codon.fasta; Input files updated by another job: Results/spike/ORF_sequences/codon_temp.fasta
    wildcards: gene=spike
    resources: tmpdir=/loc/scratch/11397749

[Tue Feb 25 14:29:39 2025]
rule check_number_ORFs_found:
    input: Results/spike/nucleotide.fasta, Results/spike/ORF_sequences/protein_temp.fasta, Results/spike/ORF_sequences/codon_temp.fasta
    output: Results/spike/ORF_sequences/ORF_extraction_verification.txt
    jobid: 1
    reason: Missing output files: Results/spike/ORF_sequences/ORF_extraction_verification.txt; Input files updated by another job: Results/spike/nucleotide.fasta, Results/spike/ORF_sequences/protein_temp.fasta, Results/spike/ORF_sequences/codon_temp.fasta
    wildcards: gene=spike
    resources: tmpdir=/loc/scratch/11397749

[Tue Feb 25 14:29:39 2025]
Finished job 1.
4 of 20 steps (20%) done
[Tue Feb 25 14:29:39 2025]
Finished job 19.
5 of 20 steps (25%) done
[Tue Feb 25 14:29:40 2025]
Finished job 12.
6 of 20 steps (30%) done
Select jobs to execute...

[Tue Feb 25 14:29:40 2025]
rule align_protein_sequences:
    input: Results/spike/ORF_sequences/protein.fasta
    output: Results/spike/Alignments/protein.fasta
    log: Results/Logs/spike/align_protein_sequences.txt
    jobid: 11
    reason: Missing output files: Results/spike/Alignments/protein.fasta; Input files updated by another job: Results/spike/ORF_sequences/protein.fasta
    wildcards: gene=spike
    resources: tmpdir=/loc/scratch/11397749

[Tue Feb 25 14:29:40 2025]
Finished job 13.
7 of 20 steps (35%) done
[Tue Feb 25 14:29:44 2025]
Finished job 11.
8 of 20 steps (40%) done
Select jobs to execute...

[Tue Feb 25 14:29:44 2025]
rule strip_protein_alignment_gaps:
    input: Results/spike/Alignments/protein.fasta
    output: Results/spike/Alignments/protein_ungapped.fasta
    log: Results/Logs/spike/strip_protein_alignment_gaps.txt
    jobid: 14
    reason: Missing output files: Results/spike/Alignments/protein_ungapped.fasta; Input files updated by another job: Results/spike/Alignments/protein.fasta
    wildcards: gene=spike
    resources: tmpdir=/loc/scratch/11397749

[Tue Feb 25 14:29:44 2025]
rule create_codon_alignment:
    input: Results/spike/Alignments/protein.fasta, Results/spike/ORF_sequences/codon.fasta
    output: Results/spike/Alignments/codon.fasta
    log: Results/Logs/spike/create_codon_alignment.txt
    jobid: 10
    reason: Missing output files: Results/spike/Alignments/codon.fasta; Input files updated by another job: Results/spike/Alignments/protein.fasta, Results/spike/ORF_sequences/codon.fasta
    wildcards: gene=spike
    resources: tmpdir=/loc/scratch/11397749

[Tue Feb 25 14:29:45 2025]
Error in rule strip_protein_alignment_gaps:
    jobid: 14
    input: Results/spike/Alignments/protein.fasta
    output: Results/spike/Alignments/protein_ungapped.fasta
    log: Results/Logs/spike/strip_protein_alignment_gaps.txt (check log file(s) for error details)
    conda-env: /fh/fast/bloom_j/computational_notebooks/sharari/2025/HcoV_229E_phylo_analysis/.snakemake/conda/97c12c1be2db4304555330299cbcc68d_

RuleException:
CalledProcessError in file /fh/fast/bloom_j/computational_notebooks/sharari/2025/HcoV_229E_phylo_analysis/Rules/align_sequences.smk, line 58:
Command 'set -euo pipefail;  /home/sharari/miniforge3/envs/evo_jump/bin/python3.11 /fh/fast/bloom_j/computational_notebooks/sharari/2025/HcoV_229E_phylo_analysis/.snakemake/scripts/tmpravj7o6a.remove_gaps_from_alignment.py' returned non-zero exit status 1.
  File "/fh/fast/bloom_j/computational_notebooks/sharari/2025/HcoV_229E_phylo_analysis/Rules/align_sequences.smk", line 58, in __rule_strip_protein_alignment_gaps
  File "/home/sharari/miniforge3/envs/evo_jump/lib/python3.11/concurrent/futures/thread.py", line 58, in run
Trying to restart job 14.
Select jobs to execute...

[Tue Feb 25 14:29:45 2025]
rule strip_protein_alignment_gaps:
    input: Results/spike/Alignments/protein.fasta
    output: Results/spike/Alignments/protein_ungapped.fasta
    log: Results/Logs/spike/strip_protein_alignment_gaps.txt
    jobid: 14
    reason: Missing output files: Results/spike/Alignments/protein_ungapped.fasta; Input files updated by another job: Results/spike/Alignments/protein.fasta
    wildcards: gene=spike
    resources: tmpdir=/loc/scratch/11397749

[Tue Feb 25 14:29:45 2025]
Finished job 10.
9 of 20 steps (45%) done
Select jobs to execute...

[Tue Feb 25 14:29:45 2025]
rule strip_codon_alignment_gaps:
    input: Results/spike/Alignments/codon.fasta
    output: Results/spike/Alignments/codon_ungapped.fasta
    log: Results/Logs/spike/strip_codon_alignment_gaps.txt
    jobid: 9
    reason: Missing output files: Results/spike/Alignments/codon_ungapped.fasta; Input files updated by another job: Results/spike/Alignments/codon.fasta
    wildcards: gene=spike
    resources: tmpdir=/loc/scratch/11397749

[Tue Feb 25 14:29:45 2025]
Error in rule strip_protein_alignment_gaps:
    jobid: 14
    input: Results/spike/Alignments/protein.fasta
    output: Results/spike/Alignments/protein_ungapped.fasta
    log: Results/Logs/spike/strip_protein_alignment_gaps.txt (check log file(s) for error details)
    conda-env: /fh/fast/bloom_j/computational_notebooks/sharari/2025/HcoV_229E_phylo_analysis/.snakemake/conda/97c12c1be2db4304555330299cbcc68d_

RuleException:
CalledProcessError in file /fh/fast/bloom_j/computational_notebooks/sharari/2025/HcoV_229E_phylo_analysis/Rules/align_sequences.smk, line 58:
Command 'set -euo pipefail;  /home/sharari/miniforge3/envs/evo_jump/bin/python3.11 /fh/fast/bloom_j/computational_notebooks/sharari/2025/HcoV_229E_phylo_analysis/.snakemake/scripts/tmpnfan5fcq.remove_gaps_from_alignment.py' returned non-zero exit status 1.
  File "/fh/fast/bloom_j/computational_notebooks/sharari/2025/HcoV_229E_phylo_analysis/Rules/align_sequences.smk", line 58, in __rule_strip_protein_alignment_gaps
  File "/home/sharari/miniforge3/envs/evo_jump/lib/python3.11/concurrent/futures/thread.py", line 58, in run
Trying to restart job 14.
Select jobs to execute...

[Tue Feb 25 14:29:45 2025]
rule strip_protein_alignment_gaps:
    input: Results/spike/Alignments/protein.fasta
    output: Results/spike/Alignments/protein_ungapped.fasta
    log: Results/Logs/spike/strip_protein_alignment_gaps.txt
    jobid: 14
    reason: Missing output files: Results/spike/Alignments/protein_ungapped.fasta; Input files updated by another job: Results/spike/Alignments/protein.fasta
    wildcards: gene=spike
    resources: tmpdir=/loc/scratch/11397749

[Tue Feb 25 14:29:45 2025]
Error in rule strip_codon_alignment_gaps:
    jobid: 9
    input: Results/spike/Alignments/codon.fasta
    output: Results/spike/Alignments/codon_ungapped.fasta
    log: Results/Logs/spike/strip_codon_alignment_gaps.txt (check log file(s) for error details)
    conda-env: /fh/fast/bloom_j/computational_notebooks/sharari/2025/HcoV_229E_phylo_analysis/.snakemake/conda/97c12c1be2db4304555330299cbcc68d_

RuleException:
CalledProcessError in file /fh/fast/bloom_j/computational_notebooks/sharari/2025/HcoV_229E_phylo_analysis/Rules/align_sequences.smk, line 77:
Command 'set -euo pipefail;  /home/sharari/miniforge3/envs/evo_jump/bin/python3.11 /fh/fast/bloom_j/computational_notebooks/sharari/2025/HcoV_229E_phylo_analysis/.snakemake/scripts/tmpf1_cvd8k.remove_gaps_from_alignment.py' returned non-zero exit status 1.
  File "/fh/fast/bloom_j/computational_notebooks/sharari/2025/HcoV_229E_phylo_analysis/Rules/align_sequences.smk", line 77, in __rule_strip_codon_alignment_gaps
  File "/home/sharari/miniforge3/envs/evo_jump/lib/python3.11/concurrent/futures/thread.py", line 58, in run
Trying to restart job 9.
Select jobs to execute...

[Tue Feb 25 14:29:45 2025]
rule strip_codon_alignment_gaps:
    input: Results/spike/Alignments/codon.fasta
    output: Results/spike/Alignments/codon_ungapped.fasta
    log: Results/Logs/spike/strip_codon_alignment_gaps.txt
    jobid: 9
    reason: Missing output files: Results/spike/Alignments/codon_ungapped.fasta; Input files updated by another job: Results/spike/Alignments/codon.fasta
    wildcards: gene=spike
    resources: tmpdir=/loc/scratch/11397749

[Tue Feb 25 14:29:45 2025]
Error in rule strip_protein_alignment_gaps:
    jobid: 14
    input: Results/spike/Alignments/protein.fasta
    output: Results/spike/Alignments/protein_ungapped.fasta
    log: Results/Logs/spike/strip_protein_alignment_gaps.txt (check log file(s) for error details)
    conda-env: /fh/fast/bloom_j/computational_notebooks/sharari/2025/HcoV_229E_phylo_analysis/.snakemake/conda/97c12c1be2db4304555330299cbcc68d_

RuleException:
CalledProcessError in file /fh/fast/bloom_j/computational_notebooks/sharari/2025/HcoV_229E_phylo_analysis/Rules/align_sequences.smk, line 58:
Command 'set -euo pipefail;  /home/sharari/miniforge3/envs/evo_jump/bin/python3.11 /fh/fast/bloom_j/computational_notebooks/sharari/2025/HcoV_229E_phylo_analysis/.snakemake/scripts/tmpt3t4jzzm.remove_gaps_from_alignment.py' returned non-zero exit status 1.
  File "/fh/fast/bloom_j/computational_notebooks/sharari/2025/HcoV_229E_phylo_analysis/Rules/align_sequences.smk", line 58, in __rule_strip_protein_alignment_gaps
  File "/home/sharari/miniforge3/envs/evo_jump/lib/python3.11/concurrent/futures/thread.py", line 58, in run
[Tue Feb 25 14:29:46 2025]
Error in rule strip_codon_alignment_gaps:
    jobid: 9
    input: Results/spike/Alignments/codon.fasta
    output: Results/spike/Alignments/codon_ungapped.fasta
    log: Results/Logs/spike/strip_codon_alignment_gaps.txt (check log file(s) for error details)
    conda-env: /fh/fast/bloom_j/computational_notebooks/sharari/2025/HcoV_229E_phylo_analysis/.snakemake/conda/97c12c1be2db4304555330299cbcc68d_

RuleException:
CalledProcessError in file /fh/fast/bloom_j/computational_notebooks/sharari/2025/HcoV_229E_phylo_analysis/Rules/align_sequences.smk, line 77:
Command 'set -euo pipefail;  /home/sharari/miniforge3/envs/evo_jump/bin/python3.11 /fh/fast/bloom_j/computational_notebooks/sharari/2025/HcoV_229E_phylo_analysis/.snakemake/scripts/tmp9_1b8qwl.remove_gaps_from_alignment.py' returned non-zero exit status 1.
  File "/fh/fast/bloom_j/computational_notebooks/sharari/2025/HcoV_229E_phylo_analysis/Rules/align_sequences.smk", line 77, in __rule_strip_codon_alignment_gaps
  File "/home/sharari/miniforge3/envs/evo_jump/lib/python3.11/concurrent/futures/thread.py", line 58, in run
Trying to restart job 9.
Shutting down, this might take some time.
Exiting because a job execution failed. Look above for error message
Complete log: .snakemake/log/2025-02-25T141952.755048.snakemake.log
