Building DAG of jobs...
Using shell: /bin/bash
Provided cores: 16
Rules claiming more threads will be scaled down.
Conda environments: ignored
Job stats:
job                                count
-------------------------------  -------
align_protein_sequences                1
all                                    1
calculate_variation                    1
check_number_ORFs_found                1
create_codon_alignment                 1
download_and_process_accessions        1
edit_codon_fasta_headers               1
edit_protein_fasta_headers             1
get_codon_sequences                    1
get_protein_sequences                  1
root_and_remove_outgroup               1
strip_codon_alignment_gaps             1
strip_protein_alignment_gaps           1
tree_sequences                         1
total                                 14

Select jobs to execute...

[Tue Feb 25 14:48:57 2025]
rule download_and_process_accessions:
    input: Configure/Input_Data/229E_full_accession_list.txt
    output: Results/spike/nucleotide.fasta, Results/spike/metadata.tsv
    log: Results/Logs/spike/download_and_process_accessions.txt
    jobid: 2
    reason: Updated input files: Configure/Input_Data/229E_full_accession_list.txt
    wildcards: gene=spike
    resources: tmpdir=/loc/scratch/11400272

[Tue Feb 25 14:58:34 2025]
Finished job 2.
1 of 14 steps (7%) done
Select jobs to execute...

[Tue Feb 25 14:58:35 2025]
rule get_codon_sequences:
    input: Results/spike/nucleotide.fasta
    output: Results/spike/ORF_sequences/codon_temp.fasta
    log: Results/Logs/spike/get_codon_sequences.txt
    jobid: 4
    reason: Input files updated by another job: Results/spike/nucleotide.fasta
    wildcards: gene=spike
    resources: tmpdir=/loc/scratch/11400272


[Tue Feb 25 14:58:35 2025]
rule get_protein_sequences:
    input: Results/spike/nucleotide.fasta
    output: Results/spike/ORF_sequences/protein_temp.fasta
    log: Results/Logs/spike/get_protein_sequences.txt
    jobid: 3
    reason: Input files updated by another job: Results/spike/nucleotide.fasta
    wildcards: gene=spike
    resources: tmpdir=/loc/scratch/11400272

[Tue Feb 25 14:58:36 2025]
Finished job 3.
2 of 14 steps (14%) done
Select jobs to execute...

[Tue Feb 25 14:58:36 2025]
rule edit_protein_fasta_headers:
    input: Results/spike/ORF_sequences/protein_temp.fasta
    output: Results/spike/ORF_sequences/protein.fasta
    log: Results/Logs/spike/edit_protein_fasta_headers.txt
    jobid: 10
    reason: Input files updated by another job: Results/spike/ORF_sequences/protein_temp.fasta
    wildcards: gene=spike
    resources: tmpdir=/loc/scratch/11400272

[Tue Feb 25 14:58:36 2025]
Finished job 4.
3 of 14 steps (21%) done
Select jobs to execute...

[Tue Feb 25 14:58:37 2025]
rule edit_codon_fasta_headers:
    input: Results/spike/ORF_sequences/codon_temp.fasta
    output: Results/spike/ORF_sequences/codon.fasta
    log: Results/Logs/spike/edit_codon_fasta_headers.txt
    jobid: 11
    reason: Input files updated by another job: Results/spike/ORF_sequences/codon_temp.fasta
    wildcards: gene=spike
    resources: tmpdir=/loc/scratch/11400272

[Tue Feb 25 14:58:37 2025]
rule check_number_ORFs_found:
    input: Results/spike/nucleotide.fasta, Results/spike/ORF_sequences/protein_temp.fasta, Results/spike/ORF_sequences/codon_temp.fasta
    output: Results/spike/ORF_sequences/ORF_extraction_verification.txt
    jobid: 1
    reason: Input files updated by another job: Results/spike/ORF_sequences/protein_temp.fasta, Results/spike/nucleotide.fasta, Results/spike/ORF_sequences/codon_temp.fasta
    wildcards: gene=spike
    resources: tmpdir=/loc/scratch/11400272

[Tue Feb 25 14:58:39 2025]
Finished job 1.
4 of 14 steps (29%) done
[Tue Feb 25 14:58:42 2025]
Finished job 10.
5 of 14 steps (36%) done
Select jobs to execute...

[Tue Feb 25 14:58:42 2025]
rule align_protein_sequences:
    input: Results/spike/ORF_sequences/protein.fasta
    output: Results/spike/Alignments/protein.fasta
    log: Results/Logs/spike/align_protein_sequences.txt
    jobid: 9
    reason: Input files updated by another job: Results/spike/ORF_sequences/protein.fasta
    wildcards: gene=spike
    resources: tmpdir=/loc/scratch/11400272

[Tue Feb 25 14:58:42 2025]
Finished job 11.
6 of 14 steps (43%) done
[Tue Feb 25 14:58:47 2025]
Finished job 9.
7 of 14 steps (50%) done
Select jobs to execute...

[Tue Feb 25 14:58:47 2025]
rule strip_protein_alignment_gaps:
    input: Results/spike/Alignments/protein.fasta
    output: Results/spike/Alignments/protein_ungapped.fasta
    log: Results/Logs/spike/strip_protein_alignment_gaps.txt
    jobid: 12
    reason: Missing output files: Results/spike/Alignments/protein_ungapped.fasta; Input files updated by another job: Results/spike/Alignments/protein.fasta
    wildcards: gene=spike
    resources: tmpdir=/loc/scratch/11400272

[Tue Feb 25 14:58:47 2025]
rule create_codon_alignment:
    input: Results/spike/Alignments/protein.fasta, Results/spike/ORF_sequences/codon.fasta
    output: Results/spike/Alignments/codon.fasta
    log: Results/Logs/spike/create_codon_alignment.txt
    jobid: 8
    reason: Input files updated by another job: Results/spike/ORF_sequences/codon.fasta, Results/spike/Alignments/protein.fasta
    wildcards: gene=spike
    resources: tmpdir=/loc/scratch/11400272

[Tue Feb 25 14:58:49 2025]
Error in rule strip_protein_alignment_gaps:
    jobid: 12
    input: Results/spike/Alignments/protein.fasta
    output: Results/spike/Alignments/protein_ungapped.fasta
    log: Results/Logs/spike/strip_protein_alignment_gaps.txt (check log file(s) for error details)
    conda-env: /fh/fast/bloom_j/computational_notebooks/sharari/2025/HcoV_229E_phylo_analysis/.snakemake/conda/97c12c1be2db4304555330299cbcc68d_

RuleException:
CalledProcessError in file /fh/fast/bloom_j/computational_notebooks/sharari/2025/HcoV_229E_phylo_analysis/Rules/align_sequences.smk, line 58:
Command 'set -euo pipefail;  /home/sharari/miniforge3/envs/evo_jump/bin/python3.11 /fh/fast/bloom_j/computational_notebooks/sharari/2025/HcoV_229E_phylo_analysis/.snakemake/scripts/tmpvqyl5e78.remove_gaps_from_alignment.py' returned non-zero exit status 1.
  File "/fh/fast/bloom_j/computational_notebooks/sharari/2025/HcoV_229E_phylo_analysis/Rules/align_sequences.smk", line 58, in __rule_strip_protein_alignment_gaps
  File "/home/sharari/miniforge3/envs/evo_jump/lib/python3.11/concurrent/futures/thread.py", line 58, in run
Trying to restart job 12.
Select jobs to execute...

[Tue Feb 25 14:58:49 2025]
rule strip_protein_alignment_gaps:
    input: Results/spike/Alignments/protein.fasta
    output: Results/spike/Alignments/protein_ungapped.fasta
    log: Results/Logs/spike/strip_protein_alignment_gaps.txt
    jobid: 12
    reason: Missing output files: Results/spike/Alignments/protein_ungapped.fasta; Input files updated by another job: Results/spike/Alignments/protein.fasta
    wildcards: gene=spike
    resources: tmpdir=/loc/scratch/11400272

[Tue Feb 25 14:58:49 2025]
Finished job 8.
8 of 14 steps (57%) done
Select jobs to execute...

[Tue Feb 25 14:58:49 2025]
rule strip_codon_alignment_gaps:
    input: Results/spike/Alignments/codon.fasta
    output: Results/spike/Alignments/codon_ungapped.fasta
    log: Results/Logs/spike/strip_codon_alignment_gaps.txt
    jobid: 7
    reason: Missing output files: Results/spike/Alignments/codon_ungapped.fasta; Input files updated by another job: Results/spike/Alignments/codon.fasta
    wildcards: gene=spike
    resources: tmpdir=/loc/scratch/11400272

[Tue Feb 25 14:58:52 2025]
Error in rule strip_protein_alignment_gaps:
    jobid: 12
    input: Results/spike/Alignments/protein.fasta
    output: Results/spike/Alignments/protein_ungapped.fasta
    log: Results/Logs/spike/strip_protein_alignment_gaps.txt (check log file(s) for error details)
    conda-env: /fh/fast/bloom_j/computational_notebooks/sharari/2025/HcoV_229E_phylo_analysis/.snakemake/conda/97c12c1be2db4304555330299cbcc68d_

RuleException:
CalledProcessError in file /fh/fast/bloom_j/computational_notebooks/sharari/2025/HcoV_229E_phylo_analysis/Rules/align_sequences.smk, line 58:
Command 'set -euo pipefail;  /home/sharari/miniforge3/envs/evo_jump/bin/python3.11 /fh/fast/bloom_j/computational_notebooks/sharari/2025/HcoV_229E_phylo_analysis/.snakemake/scripts/tmp4v1v5rg6.remove_gaps_from_alignment.py' returned non-zero exit status 1.
  File "/fh/fast/bloom_j/computational_notebooks/sharari/2025/HcoV_229E_phylo_analysis/Rules/align_sequences.smk", line 58, in __rule_strip_protein_alignment_gaps
  File "/home/sharari/miniforge3/envs/evo_jump/lib/python3.11/concurrent/futures/thread.py", line 58, in run
[Tue Feb 25 14:58:52 2025]
Error in rule strip_codon_alignment_gaps:
    jobid: 7
    input: Results/spike/Alignments/codon.fasta
    output: Results/spike/Alignments/codon_ungapped.fasta
    log: Results/Logs/spike/strip_codon_alignment_gaps.txt (check log file(s) for error details)
    conda-env: /fh/fast/bloom_j/computational_notebooks/sharari/2025/HcoV_229E_phylo_analysis/.snakemake/conda/97c12c1be2db4304555330299cbcc68d_

Trying to restart job 12.
Select jobs to execute...

[Tue Feb 25 14:58:52 2025]
rule strip_protein_alignment_gaps:
    input: Results/spike/Alignments/protein.fasta
    output: Results/spike/Alignments/protein_ungapped.fasta
    log: Results/Logs/spike/strip_protein_alignment_gaps.txt
    jobid: 12
    reason: Missing output files: Results/spike/Alignments/protein_ungapped.fasta; Input files updated by another job: Results/spike/Alignments/protein.fasta
    wildcards: gene=spike
    resources: tmpdir=/loc/scratch/11400272

RuleException:
CalledProcessError in file /fh/fast/bloom_j/computational_notebooks/sharari/2025/HcoV_229E_phylo_analysis/Rules/align_sequences.smk, line 77:
Command 'set -euo pipefail;  /home/sharari/miniforge3/envs/evo_jump/bin/python3.11 /fh/fast/bloom_j/computational_notebooks/sharari/2025/HcoV_229E_phylo_analysis/.snakemake/scripts/tmpctj1ek8e.remove_gaps_from_alignment.py' returned non-zero exit status 1.
  File "/fh/fast/bloom_j/computational_notebooks/sharari/2025/HcoV_229E_phylo_analysis/Rules/align_sequences.smk", line 77, in __rule_strip_codon_alignment_gaps
  File "/home/sharari/miniforge3/envs/evo_jump/lib/python3.11/concurrent/futures/thread.py", line 58, in run
Trying to restart job 7.
Select jobs to execute...

[Tue Feb 25 14:58:52 2025]
rule strip_codon_alignment_gaps:
    input: Results/spike/Alignments/codon.fasta
    output: Results/spike/Alignments/codon_ungapped.fasta
    log: Results/Logs/spike/strip_codon_alignment_gaps.txt
    jobid: 7
    reason: Missing output files: Results/spike/Alignments/codon_ungapped.fasta; Input files updated by another job: Results/spike/Alignments/codon.fasta
    wildcards: gene=spike
    resources: tmpdir=/loc/scratch/11400272

[Tue Feb 25 14:58:54 2025]
Error in rule strip_protein_alignment_gaps:
    jobid: 12
    input: Results/spike/Alignments/protein.fasta
    output: Results/spike/Alignments/protein_ungapped.fasta
    log: Results/Logs/spike/strip_protein_alignment_gaps.txt (check log file(s) for error details)
    conda-env: /fh/fast/bloom_j/computational_notebooks/sharari/2025/HcoV_229E_phylo_analysis/.snakemake/conda/97c12c1be2db4304555330299cbcc68d_

[Tue Feb 25 14:58:55 2025]
Error in rule strip_codon_alignment_gaps:
    jobid: 7
    input: Results/spike/Alignments/codon.fasta
    output: Results/spike/Alignments/codon_ungapped.fasta
    log: Results/Logs/spike/strip_codon_alignment_gaps.txt (check log file(s) for error details)
    conda-env: /fh/fast/bloom_j/computational_notebooks/sharari/2025/HcoV_229E_phylo_analysis/.snakemake/conda/97c12c1be2db4304555330299cbcc68d_

RuleException:
CalledProcessError in file /fh/fast/bloom_j/computational_notebooks/sharari/2025/HcoV_229E_phylo_analysis/Rules/align_sequences.smk, line 58:
Command 'set -euo pipefail;  /home/sharari/miniforge3/envs/evo_jump/bin/python3.11 /fh/fast/bloom_j/computational_notebooks/sharari/2025/HcoV_229E_phylo_analysis/.snakemake/scripts/tmp4e3e4r4q.remove_gaps_from_alignment.py' returned non-zero exit status 1.
  File "/fh/fast/bloom_j/computational_notebooks/sharari/2025/HcoV_229E_phylo_analysis/Rules/align_sequences.smk", line 58, in __rule_strip_protein_alignment_gaps
  File "/home/sharari/miniforge3/envs/evo_jump/lib/python3.11/concurrent/futures/thread.py", line 58, in run
RuleException:
CalledProcessError in file /fh/fast/bloom_j/computational_notebooks/sharari/2025/HcoV_229E_phylo_analysis/Rules/align_sequences.smk, line 77:
Command 'set -euo pipefail;  /home/sharari/miniforge3/envs/evo_jump/bin/python3.11 /fh/fast/bloom_j/computational_notebooks/sharari/2025/HcoV_229E_phylo_analysis/.snakemake/scripts/tmpypvc461f.remove_gaps_from_alignment.py' returned non-zero exit status 1.
  File "/fh/fast/bloom_j/computational_notebooks/sharari/2025/HcoV_229E_phylo_analysis/Rules/align_sequences.smk", line 77, in __rule_strip_codon_alignment_gaps
  File "/home/sharari/miniforge3/envs/evo_jump/lib/python3.11/concurrent/futures/thread.py", line 58, in run
Trying to restart job 7.
Shutting down, this might take some time.
Exiting because a job execution failed. Look above for error message
Complete log: .snakemake/log/2025-02-25T144844.201191.snakemake.log
