Building DAG of jobs...
Using shell: /bin/bash
Provided cores: 16
Rules claiming more threads will be scaled down.
Conda environments: ignored
Job stats:
job            count
-----------  -------
all                1
export_tree        1
total              2

Select jobs to execute...

[Tue Feb 25 12:47:18 2025]
rule export_tree:
    input: Results/spike/Trees/tree.nwk, Results/spike/metadata.tsv, Results/spike/Trees/tree_branch_lengths.json, Results/spike/Trees/tree_traits.json, Results/spike/Trees/tree_muts.json, Results/spike/Trees/tree_aa_muts.json, Configure/Input_Data/auspice_config.json, Results/spike/Trees/colors.tsv, Configure/Input_Data/lat_longs.tsv
    output: auspice/spike.json
    jobid: 5
    reason: Missing output files: auspice/spike.json
    wildcards: gene=spike
    resources: tmpdir=/loc/scratch/11389242

[Tue Feb 25 12:47:26 2025]
Error in rule export_tree:
    jobid: 5
    input: Results/spike/Trees/tree.nwk, Results/spike/metadata.tsv, Results/spike/Trees/tree_branch_lengths.json, Results/spike/Trees/tree_traits.json, Results/spike/Trees/tree_muts.json, Results/spike/Trees/tree_aa_muts.json, Configure/Input_Data/auspice_config.json, Results/spike/Trees/colors.tsv, Configure/Input_Data/lat_longs.tsv
    output: auspice/spike.json
    conda-env: /fh/fast/bloom_j/computational_notebooks/sharari/2025/HcoV_229E_phylo_analysis/.snakemake/conda/97c12c1be2db4304555330299cbcc68d_
    shell:
        augur export v2 --tree Results/spike/Trees/tree.nwk --title 'hCoV 229E phylogentic tree' --description Configure/Input_Data/G_description.md --metadata Results/spike/metadata.tsv --include-root-sequence-inline --colors Results/spike/Trees/colors.tsv --lat-longs Configure/Input_Data/lat_longs.tsv --auspice-config Configure/Input_Data/auspice_config.json --output auspice/spike.json
        (one of the commands exited with non-zero exit code; note that snakemake uses bash strict mode!)

Trying to restart job 5.
Select jobs to execute...

[Tue Feb 25 12:47:26 2025]
rule export_tree:
    input: Results/spike/Trees/tree.nwk, Results/spike/metadata.tsv, Results/spike/Trees/tree_branch_lengths.json, Results/spike/Trees/tree_traits.json, Results/spike/Trees/tree_muts.json, Results/spike/Trees/tree_aa_muts.json, Configure/Input_Data/auspice_config.json, Results/spike/Trees/colors.tsv, Configure/Input_Data/lat_longs.tsv
    output: auspice/spike.json
    jobid: 5
    reason: Missing output files: auspice/spike.json
    wildcards: gene=spike
    resources: tmpdir=/loc/scratch/11389242

[Tue Feb 25 12:47:29 2025]
Error in rule export_tree:
    jobid: 5
    input: Results/spike/Trees/tree.nwk, Results/spike/metadata.tsv, Results/spike/Trees/tree_branch_lengths.json, Results/spike/Trees/tree_traits.json, Results/spike/Trees/tree_muts.json, Results/spike/Trees/tree_aa_muts.json, Configure/Input_Data/auspice_config.json, Results/spike/Trees/colors.tsv, Configure/Input_Data/lat_longs.tsv
    output: auspice/spike.json
    conda-env: /fh/fast/bloom_j/computational_notebooks/sharari/2025/HcoV_229E_phylo_analysis/.snakemake/conda/97c12c1be2db4304555330299cbcc68d_
    shell:
        augur export v2 --tree Results/spike/Trees/tree.nwk --title 'hCoV 229E phylogentic tree' --description Configure/Input_Data/G_description.md --metadata Results/spike/metadata.tsv --include-root-sequence-inline --colors Results/spike/Trees/colors.tsv --lat-longs Configure/Input_Data/lat_longs.tsv --auspice-config Configure/Input_Data/auspice_config.json --output auspice/spike.json
        (one of the commands exited with non-zero exit code; note that snakemake uses bash strict mode!)

Trying to restart job 5.
Select jobs to execute...

[Tue Feb 25 12:47:29 2025]
rule export_tree:
    input: Results/spike/Trees/tree.nwk, Results/spike/metadata.tsv, Results/spike/Trees/tree_branch_lengths.json, Results/spike/Trees/tree_traits.json, Results/spike/Trees/tree_muts.json, Results/spike/Trees/tree_aa_muts.json, Configure/Input_Data/auspice_config.json, Results/spike/Trees/colors.tsv, Configure/Input_Data/lat_longs.tsv
    output: auspice/spike.json
    jobid: 5
    reason: Missing output files: auspice/spike.json
    wildcards: gene=spike
    resources: tmpdir=/loc/scratch/11389242

[Tue Feb 25 12:47:31 2025]
Error in rule export_tree:
    jobid: 5
    input: Results/spike/Trees/tree.nwk, Results/spike/metadata.tsv, Results/spike/Trees/tree_branch_lengths.json, Results/spike/Trees/tree_traits.json, Results/spike/Trees/tree_muts.json, Results/spike/Trees/tree_aa_muts.json, Configure/Input_Data/auspice_config.json, Results/spike/Trees/colors.tsv, Configure/Input_Data/lat_longs.tsv
    output: auspice/spike.json
    conda-env: /fh/fast/bloom_j/computational_notebooks/sharari/2025/HcoV_229E_phylo_analysis/.snakemake/conda/97c12c1be2db4304555330299cbcc68d_
    shell:
        augur export v2 --tree Results/spike/Trees/tree.nwk --title 'hCoV 229E phylogentic tree' --description Configure/Input_Data/G_description.md --metadata Results/spike/metadata.tsv --include-root-sequence-inline --colors Results/spike/Trees/colors.tsv --lat-longs Configure/Input_Data/lat_longs.tsv --auspice-config Configure/Input_Data/auspice_config.json --output auspice/spike.json
        (one of the commands exited with non-zero exit code; note that snakemake uses bash strict mode!)

Shutting down, this might take some time.
Exiting because a job execution failed. Look above for error message
Complete log: .snakemake/log/2025-02-25T124710.327522.snakemake.log
