Building DAG of jobs...
Using shell: /bin/bash
Provided cores: 16
Rules claiming more threads will be scaled down.
Conda environments: ignored
Job stats:
job                                count
-------------------------------  -------
align_protein_sequences                1
all                                    1
calculate_variation                    1
check_number_ORFs_found                1
create_codon_alignment                 1
download_and_process_accessions        1
edit_codon_fasta_headers               1
edit_protein_fasta_headers             1
get_codon_sequences                    1
get_protein_sequences                  1
root_and_remove_outgroup               1
strip_codon_alignment_gaps             1
strip_protein_alignment_gaps           1
tree_sequences                         1
total                                 14

Select jobs to execute...

[Wed Feb 26 09:03:21 2025]
rule download_and_process_accessions:
    input: Configure/Input_Data/229E_full_accession_list.txt
    output: Results/spike/nucleotide.fasta, Results/spike/metadata.tsv
    log: Results/Logs/spike/download_and_process_accessions.txt
    jobid: 2
    reason: Missing output files: Results/spike/nucleotide.fasta
    wildcards: gene=spike
    resources: tmpdir=/loc/scratch/11600167

