Building DAG of jobs...
Using shell: /bin/bash
Provided cores: 16
Rules claiming more threads will be scaled down.
Conda environments: ignored
Job stats:
job                    count
-------------------  -------
all                        1
calculate_variation        1
export_tree                1
total                      3

Select jobs to execute...

[Tue Feb 25 11:53:25 2025]
rule calculate_variation:
    input: Results/spike/Alignments/protein_ungapped_no_outgroup.fasta
    output: Results/spike/Alignments/spike_natural_variation.csv
    jobid: 20
    reason: Forced execution
    wildcards: gene=spike
    resources: tmpdir=/loc/scratch/11388625

[Tue Feb 25 11:53:25 2025]
rule export_tree:
    input: Results/spike/Trees/tree.nwk, Results/spike/metadata.tsv, Results/spike/Trees/tree_branch_lengths.json, Results/spike/Trees/tree_traits.json, Results/spike/Trees/tree_muts.json, Results/spike/Trees/tree_aa_muts.json, Configure/Input_Data/auspice_config.json, Results/spike/Trees/colors.tsv, Configure/Input_Data/lat_longs.tsv
    output: auspice/spike.json
    jobid: 5
    reason: Missing output files: auspice/spike.json
    wildcards: gene=spike
    resources: tmpdir=/loc/scratch/11388625

RuleException in rule export_tree in file /fh/fast/bloom_j/computational_notebooks/sharari/2025/HcoV_229E_phylo_analysis/Rules/augur_processing.smk, line 161:
AttributeError: 'InputFiles' object has no attribute 'dms_predictions', when formatting the following:
augur export v2 --tree {input.tree} --title {params.title} --description {params.description} --metadata {input.metadata} --node-data {input.tree_nodes} {input.tree_traits} {input.tree_muts} {input.aa_muts} {input.dms_predictions} --include-root-sequence-inline --colors {input.colors} --lat-longs {input.lat_longs} --auspice-config {input.auspice_config} --output {output.auspice_tree}
