Building DAG of jobs...
Using shell: /bin/bash
Provided cores: 16
Rules claiming more threads will be scaled down.
Conda environments: ignored
Job stats:
job                                count
-------------------------------  -------
align_protein_sequences                1
all                                    1
ancestral_tree_sequences               1
calculate_variation                    1
check_number_ORFs_found                1
colors                                 1
create_codon_alignment                 1
download_and_process_accessions        1
edit_codon_fasta_headers               1
edit_protein_fasta_headers             1
export_tree                            1
get_codon_sequences                    1
get_protein_sequences                  1
refine_tree_sequences                  1
root_and_remove_outgroup               1
strip_codon_alignment_gaps             1
strip_protein_alignment_gaps           1
traits_tree_sequences                  1
translate_tree_sequences               1
tree_sequences                         1
total                                 20

Select jobs to execute...

[Tue Feb 25 10:25:00 2025]
rule download_and_process_accessions:
    input: Configure/Input_Data/229E_full_accession_list.txt
    output: Results/spike/nucleotide.fasta, Results/spike/metadata.tsv
    log: Results/Logs/spike/download_and_process_accessions.txt
    jobid: 2
    reason: Missing output files: Results/spike/metadata.tsv, Results/spike/nucleotide.fasta
    wildcards: gene=spike
    resources: tmpdir=/loc/scratch/11384865

[Tue Feb 25 10:34:42 2025]
Finished job 2.
1 of 20 steps (5%) done
Select jobs to execute...

[Tue Feb 25 10:34:43 2025]
rule get_protein_sequences:
    input: Results/spike/nucleotide.fasta
    output: Results/spike/ORF_sequences/protein_temp.fasta
    log: Results/Logs/spike/get_protein_sequences.txt
    jobid: 3
    reason: Missing output files: Results/spike/ORF_sequences/protein_temp.fasta; Input files updated by another job: Results/spike/nucleotide.fasta
    wildcards: gene=spike
    resources: tmpdir=/loc/scratch/11384865


[Tue Feb 25 10:34:43 2025]
rule colors:
    input: Configure/Input_Data/color_schemes.tsv, Configure/Input_Data/color_orderings.tsv, Results/spike/metadata.tsv
    output: Results/spike/Trees/colors.tsv
    jobid: 19
    reason: Missing output files: Results/spike/Trees/colors.tsv; Input files updated by another job: Results/spike/metadata.tsv
    wildcards: gene=spike
    resources: tmpdir=/loc/scratch/11384865


[Tue Feb 25 10:34:43 2025]
rule get_codon_sequences:
    input: Results/spike/nucleotide.fasta
    output: Results/spike/ORF_sequences/codon_temp.fasta
    log: Results/Logs/spike/get_codon_sequences.txt
    jobid: 4
    reason: Missing output files: Results/spike/ORF_sequences/codon_temp.fasta; Input files updated by another job: Results/spike/nucleotide.fasta
    wildcards: gene=spike
    resources: tmpdir=/loc/scratch/11384865

[Tue Feb 25 10:34:43 2025]
[Tue Feb 25 10:34:43 2025]
Error in rule get_protein_sequences:
    jobid: 3
    input: Results/spike/nucleotide.fasta
    output: Results/spike/ORF_sequences/protein_temp.fasta
    log: Results/Logs/spike/get_protein_sequences.txt (check log file(s) for error details)
    conda-env: /fh/fast/bloom_j/computational_notebooks/sharari/2025/HcoV_229E_phylo_analysis/.snakemake/conda/97c12c1be2db4304555330299cbcc68d_
    shell:
        getorf -sequence Results/spike/nucleotide.fasta -outseq Results/spike/ORF_sequences/protein_temp.fasta -find 1 -minsize 3450 -reverse No -verbose &> Results/Logs/spike/get_protein_sequences.txt
        (one of the commands exited with non-zero exit code; note that snakemake uses bash strict mode!)

Error in rule get_codon_sequences:
    jobid: 4
    input: Results/spike/nucleotide.fasta
    output: Results/spike/ORF_sequences/codon_temp.fasta
    log: Results/Logs/spike/get_codon_sequences.txt (check log file(s) for error details)
    conda-env: /fh/fast/bloom_j/computational_notebooks/sharari/2025/HcoV_229E_phylo_analysis/.snakemake/conda/97c12c1be2db4304555330299cbcc68d_
    shell:
        getorf -sequence Results/spike/nucleotide.fasta -outseq Results/spike/ORF_sequences/codon_temp.fasta -find 3 -minsize 3450 -reverse No -verbose &> Results/Logs/spike/get_codon_sequences.txt
        (one of the commands exited with non-zero exit code; note that snakemake uses bash strict mode!)

Trying to restart job 3.
Select jobs to execute...

[Tue Feb 25 10:34:43 2025]
rule get_protein_sequences:
    input: Results/spike/nucleotide.fasta
    output: Results/spike/ORF_sequences/protein_temp.fasta
    log: Results/Logs/spike/get_protein_sequences.txt
    jobid: 3
    reason: Missing output files: Results/spike/ORF_sequences/protein_temp.fasta; Input files updated by another job: Results/spike/nucleotide.fasta
    wildcards: gene=spike
    resources: tmpdir=/loc/scratch/11384865

Trying to restart job 4.
Select jobs to execute...

[Tue Feb 25 10:34:43 2025]
rule get_codon_sequences:
    input: Results/spike/nucleotide.fasta
    output: Results/spike/ORF_sequences/codon_temp.fasta
    log: Results/Logs/spike/get_codon_sequences.txt
    jobid: 4
    reason: Missing output files: Results/spike/ORF_sequences/codon_temp.fasta; Input files updated by another job: Results/spike/nucleotide.fasta
    wildcards: gene=spike
    resources: tmpdir=/loc/scratch/11384865

[Tue Feb 25 10:34:43 2025]
Error in rule get_protein_sequences:
    jobid: 3
    input: Results/spike/nucleotide.fasta
    output: Results/spike/ORF_sequences/protein_temp.fasta
    log: Results/Logs/spike/get_protein_sequences.txt (check log file(s) for error details)
    conda-env: /fh/fast/bloom_j/computational_notebooks/sharari/2025/HcoV_229E_phylo_analysis/.snakemake/conda/97c12c1be2db4304555330299cbcc68d_
    shell:
        getorf -sequence Results/spike/nucleotide.fasta -outseq Results/spike/ORF_sequences/protein_temp.fasta -find 1 -minsize 3450 -reverse No -verbose &> Results/Logs/spike/get_protein_sequences.txt
        (one of the commands exited with non-zero exit code; note that snakemake uses bash strict mode!)

Trying to restart job 3.
Select jobs to execute...

[Tue Feb 25 10:34:43 2025]
rule get_protein_sequences:
    input: Results/spike/nucleotide.fasta
    output: Results/spike/ORF_sequences/protein_temp.fasta
    log: Results/Logs/spike/get_protein_sequences.txt
    jobid: 3
    reason: Missing output files: Results/spike/ORF_sequences/protein_temp.fasta; Input files updated by another job: Results/spike/nucleotide.fasta
    wildcards: gene=spike
    resources: tmpdir=/loc/scratch/11384865

[Tue Feb 25 10:34:43 2025]
Error in rule get_codon_sequences:
    jobid: 4
    input: Results/spike/nucleotide.fasta
    output: Results/spike/ORF_sequences/codon_temp.fasta
    log: Results/Logs/spike/get_codon_sequences.txt (check log file(s) for error details)
    conda-env: /fh/fast/bloom_j/computational_notebooks/sharari/2025/HcoV_229E_phylo_analysis/.snakemake/conda/97c12c1be2db4304555330299cbcc68d_
    shell:
        getorf -sequence Results/spike/nucleotide.fasta -outseq Results/spike/ORF_sequences/codon_temp.fasta -find 3 -minsize 3450 -reverse No -verbose &> Results/Logs/spike/get_codon_sequences.txt
        (one of the commands exited with non-zero exit code; note that snakemake uses bash strict mode!)

Trying to restart job 4.
Select jobs to execute...

[Tue Feb 25 10:34:43 2025]
rule get_codon_sequences:
    input: Results/spike/nucleotide.fasta
    output: Results/spike/ORF_sequences/codon_temp.fasta
    log: Results/Logs/spike/get_codon_sequences.txt
    jobid: 4
    reason: Missing output files: Results/spike/ORF_sequences/codon_temp.fasta; Input files updated by another job: Results/spike/nucleotide.fasta
    wildcards: gene=spike
    resources: tmpdir=/loc/scratch/11384865

[Tue Feb 25 10:34:43 2025]
Error in rule get_protein_sequences:
    jobid: 3
    input: Results/spike/nucleotide.fasta
    output: Results/spike/ORF_sequences/protein_temp.fasta
    log: Results/Logs/spike/get_protein_sequences.txt (check log file(s) for error details)
    conda-env: /fh/fast/bloom_j/computational_notebooks/sharari/2025/HcoV_229E_phylo_analysis/.snakemake/conda/97c12c1be2db4304555330299cbcc68d_
    shell:
        getorf -sequence Results/spike/nucleotide.fasta -outseq Results/spike/ORF_sequences/protein_temp.fasta -find 1 -minsize 3450 -reverse No -verbose &> Results/Logs/spike/get_protein_sequences.txt
        (one of the commands exited with non-zero exit code; note that snakemake uses bash strict mode!)

[Tue Feb 25 10:34:43 2025]
Error in rule get_codon_sequences:
    jobid: 4
    input: Results/spike/nucleotide.fasta
    output: Results/spike/ORF_sequences/codon_temp.fasta
    log: Results/Logs/spike/get_codon_sequences.txt (check log file(s) for error details)
    conda-env: /fh/fast/bloom_j/computational_notebooks/sharari/2025/HcoV_229E_phylo_analysis/.snakemake/conda/97c12c1be2db4304555330299cbcc68d_
    shell:
        getorf -sequence Results/spike/nucleotide.fasta -outseq Results/spike/ORF_sequences/codon_temp.fasta -find 3 -minsize 3450 -reverse No -verbose &> Results/Logs/spike/get_codon_sequences.txt
        (one of the commands exited with non-zero exit code; note that snakemake uses bash strict mode!)

[Tue Feb 25 10:34:44 2025]
Finished job 19.
2 of 20 steps (10%) done
Shutting down, this might take some time.
Exiting because a job execution failed. Look above for error message
Complete log: .snakemake/log/2025-02-25T102457.964249.snakemake.log
